<?xml version="1.0" encoding="UTF-8"?>
<coverage generated="1762104350183" clover="3.2.0">
  <project timestamp="1762104350183" name="All files">
    <metrics statements="201" coveredstatements="193" conditionals="182" coveredconditionals="154" methods="52" coveredmethods="52" elements="435" coveredelements="399" complexity="0" loc="201" ncloc="201" packages="3" files="6" classes="6"/>
    <package name="ChromeExtension">
      <metrics statements="95" coveredstatements="93" conditionals="78" coveredconditionals="55" methods="32" coveredmethods="32"/>
      <file name="constants.js" path="/Users/flexipie/Desktop/Code/Projects/Gigi'sCopyTools/ChromeExtension/constants.js">
        <metrics statements="7" coveredstatements="7" conditionals="0" coveredconditionals="0" methods="0" coveredmethods="0"/>
        <line num="7" count="3" type="stmt"/>
        <line num="22" count="3" type="stmt"/>
        <line num="34" count="3" type="stmt"/>
        <line num="43" count="3" type="stmt"/>
        <line num="49" count="3" type="stmt"/>
        <line num="57" count="3" type="stmt"/>
        <line num="64" count="3" type="stmt"/>
      </file>
      <file name="storage.js" path="/Users/flexipie/Desktop/Code/Projects/Gigi'sCopyTools/ChromeExtension/storage.js">
        <metrics statements="88" coveredstatements="86" conditionals="78" coveredconditionals="55" methods="32" coveredmethods="32"/>
        <line num="5" count="4" type="stmt"/>
        <line num="6" count="4" type="stmt"/>
        <line num="7" count="4" type="stmt"/>
        <line num="8" count="4" type="stmt"/>
        <line num="9" count="4" type="stmt"/>
        <line num="10" count="4" type="stmt"/>
        <line num="11" count="4" type="stmt"/>
        <line num="12" count="4" type="stmt"/>
        <line num="20" count="145" type="stmt"/>
        <line num="21" count="145" type="stmt"/>
        <line num="22" count="145" type="stmt"/>
        <line num="23" count="145" type="stmt"/>
        <line num="24" count="145" type="cond" truecount="1" falsecount="1"/>
        <line num="25" count="145" type="cond" truecount="1" falsecount="1"/>
        <line num="28" count="0" type="stmt"/>
        <line num="38" count="69" type="stmt"/>
        <line num="39" count="69" type="stmt"/>
        <line num="40" count="69" type="stmt"/>
        <line num="41" count="69" type="stmt"/>
        <line num="42" count="69" type="cond" truecount="1" falsecount="1"/>
        <line num="43" count="69" type="stmt"/>
        <line num="46" count="0" type="stmt"/>
        <line num="58" count="168" type="cond" truecount="2" falsecount="0"/>
        <line num="66" count="64" type="cond" truecount="0" falsecount="1"/>
        <line num="67" count="64" type="stmt"/>
        <line num="75" count="41" type="stmt"/>
        <line num="83" count="3" type="stmt"/>
        <line num="84" count="3" type="stmt"/>
        <line num="85" count="3" type="cond" truecount="2" falsecount="0"/>
        <line num="86" count="2" type="stmt"/>
        <line num="87" count="2" type="stmt"/>
        <line num="94" count="5" type="cond" truecount="0" falsecount="1"/>
        <line num="95" count="5" type="stmt"/>
        <line num="102" count="2" type="stmt"/>
        <line num="109" count="3" type="stmt"/>
        <line num="110" count="3" type="stmt"/>
        <line num="111" count="3" type="cond" truecount="2" falsecount="0"/>
        <line num="112" count="1" type="stmt"/>
        <line num="113" count="1" type="stmt"/>
        <line num="120" count="2" type="cond" truecount="0" falsecount="1"/>
        <line num="121" count="2" type="cond" truecount="2" falsecount="0"/>
        <line num="128" count="2" type="cond" truecount="2" falsecount="0"/>
        <line num="135" count="42" type="cond" truecount="0" falsecount="1"/>
        <line num="136" count="42" type="stmt"/>
        <line num="143" count="8" type="stmt"/>
        <line num="150" count="2" type="cond" truecount="0" falsecount="1"/>
        <line num="151" count="2" type="cond" truecount="1" falsecount="1"/>
        <line num="158" count="1" type="cond" truecount="1" falsecount="1"/>
        <line num="165" count="2" type="cond" truecount="0" falsecount="1"/>
        <line num="166" count="2" type="stmt"/>
        <line num="173" count="1" type="stmt"/>
        <line num="180" count="11" type="cond" truecount="0" falsecount="1"/>
        <line num="181" count="11" type="cond" truecount="4" falsecount="0"/>
        <line num="182" count="6" type="stmt"/>
        <line num="183" count="6" type="cond" truecount="4" falsecount="0"/>
        <line num="184" count="2" type="stmt"/>
        <line num="191" count="6" type="cond" truecount="4" falsecount="0"/>
        <line num="192" count="2" type="stmt"/>
        <line num="193" count="2" type="stmt"/>
        <line num="195" count="4" type="stmt"/>
        <line num="196" count="4" type="cond" truecount="4" falsecount="0"/>
        <line num="203" count="1" type="stmt"/>
        <line num="210" count="2" type="stmt"/>
        <line num="215" count="2" type="stmt"/>
        <line num="222" count="2" type="stmt"/>
        <line num="226" count="2" type="stmt"/>
        <line num="237" count="1" type="stmt"/>
        <line num="238" count="1" type="cond" truecount="1" falsecount="1"/>
        <line num="239" count="1" type="cond" truecount="1" falsecount="1"/>
        <line num="240" count="1" type="cond" truecount="1" falsecount="3"/>
        <line num="241" count="1" type="cond" truecount="1" falsecount="1"/>
        <line num="248" count="3" type="stmt"/>
        <line num="255" count="2" type="cond" truecount="0" falsecount="1"/>
        <line num="256" count="2" type="cond" truecount="1" falsecount="1"/>
        <line num="263" count="1" type="cond" truecount="1" falsecount="1"/>
        <line num="270" count="8" type="cond" truecount="0" falsecount="1"/>
        <line num="271" count="8" type="cond" truecount="4" falsecount="0"/>
        <line num="272" count="5" type="stmt"/>
        <line num="273" count="5" type="cond" truecount="4" falsecount="0"/>
        <line num="274" count="4" type="stmt"/>
        <line num="281" count="5" type="cond" truecount="4" falsecount="0"/>
        <line num="282" count="2" type="stmt"/>
        <line num="283" count="2" type="stmt"/>
        <line num="285" count="3" type="stmt"/>
        <line num="286" count="3" type="stmt"/>
        <line num="287" count="3" type="cond" truecount="2" falsecount="0"/>
        <line num="288" count="3" type="cond" truecount="2" falsecount="0"/>
        <line num="289" count="3" type="stmt"/>
      </file>
    </package>
    <package name="ChromeExtension.services">
      <metrics statements="100" coveredstatements="94" conditionals="102" coveredconditionals="97" methods="17" coveredmethods="17"/>
      <file name="ClipService.js" path="/Users/flexipie/Desktop/Code/Projects/Gigi'sCopyTools/ChromeExtension/services/ClipService.js">
        <metrics statements="41" coveredstatements="37" conditionals="33" coveredconditionals="32" methods="4" coveredmethods="4"/>
        <line num="26" count="38" type="stmt"/>
        <line num="34" count="38" type="cond" truecount="2" falsecount="0"/>
        <line num="37" count="38" type="cond" truecount="4" falsecount="0"/>
        <line num="38" count="6" type="stmt"/>
        <line num="42" count="32" type="stmt"/>
        <line num="43" count="32" type="cond" truecount="1" falsecount="1"/>
        <line num="46" count="32" type="stmt"/>
        <line num="47" count="32" type="stmt"/>
        <line num="50" count="32" type="stmt"/>
        <line num="53" count="32" type="stmt"/>
        <line num="55" count="32" type="cond" truecount="2" falsecount="0"/>
        <line num="57" count="5" type="stmt"/>
        <line num="58" count="5" type="stmt"/>
        <line num="61" count="27" type="stmt"/>
        <line num="74" count="27" type="stmt"/>
        <line num="78" count="32" type="stmt"/>
        <line num="79" count="32" type="stmt"/>
        <line num="81" count="0" type="stmt"/>
        <line num="82" count="0" type="stmt"/>
        <line num="91" count="8" type="stmt"/>
        <line num="92" count="8" type="stmt"/>
        <line num="97" count="8" type="stmt"/>
        <line num="99" count="8" type="stmt"/>
        <line num="100" count="11" type="cond" truecount="4" falsecount="0"/>
        <line num="102" count="9" type="stmt"/>
        <line num="104" count="9" type="cond" truecount="2" falsecount="0"/>
        <line num="105" count="5" type="stmt"/>
        <line num="106" count="5" type="stmt"/>
        <line num="109" count="4" type="stmt"/>
        <line num="112" count="8" type="cond" truecount="2" falsecount="0"/>
        <line num="113" count="5" type="stmt"/>
        <line num="116" count="8" type="stmt"/>
        <line num="118" count="0" type="stmt"/>
        <line num="119" count="0" type="stmt"/>
        <line num="129" count="10" type="cond" truecount="4" falsecount="0"/>
        <line num="130" count="4" type="stmt"/>
        <line num="133" count="6" type="cond" truecount="4" falsecount="0"/>
        <line num="134" count="4" type="stmt"/>
        <line num="137" count="2" type="cond" truecount="2" falsecount="0"/>
        <line num="138" count="1" type="stmt"/>
        <line num="141" count="1" type="stmt"/>
      </file>
      <file name="DedupService.js" path="/Users/flexipie/Desktop/Code/Projects/Gigi'sCopyTools/ChromeExtension/services/DedupService.js">
        <metrics statements="19" coveredstatements="19" conditionals="26" coveredconditionals="24" methods="5" coveredmethods="5"/>
        <line num="16" count="40" type="cond" truecount="4" falsecount="0"/>
        <line num="18" count="39" type="stmt"/>
        <line num="19" count="39" type="cond" truecount="1" falsecount="1"/>
        <line num="21" count="39" type="stmt"/>
        <line num="23" count="39" type="stmt"/>
        <line num="24" count="27" type="cond" truecount="2" falsecount="0"/>
        <line num="27" count="23" type="cond" truecount="2" falsecount="0"/>
        <line num="28" count="15" type="stmt"/>
        <line num="32" count="8" type="cond" truecount="2" falsecount="0"/>
        <line num="33" count="8" type="cond" truecount="2" falsecount="0"/>
        <line num="44" count="2" type="stmt"/>
        <line num="54" count="13" type="cond" truecount="2" falsecount="0"/>
        <line num="55" count="13" type="cond" truecount="3" falsecount="1"/>
        <line num="58" count="13" type="cond" truecount="2" falsecount="0"/>
        <line num="61" count="13" type="cond" truecount="2" falsecount="0"/>
        <line num="64" count="13" type="stmt"/>
        <line num="66" count="13" type="stmt"/>
        <line num="81" count="37" type="stmt"/>
        <line num="82" count="37" type="cond" truecount="2" falsecount="0"/>
      </file>
      <file name="TagRuleEngine.js" path="/Users/flexipie/Desktop/Code/Projects/Gigi'sCopyTools/ChromeExtension/services/TagRuleEngine.js">
        <metrics statements="40" coveredstatements="38" conditionals="43" coveredconditionals="41" methods="8" coveredmethods="8"/>
        <line num="18" count="50" type="stmt"/>
        <line num="19" count="50" type="cond" truecount="2" falsecount="0"/>
        <line num="20" count="50" type="cond" truecount="2" falsecount="0"/>
        <line num="22" count="26" type="stmt"/>
        <line num="23" count="26" type="cond" truecount="2" falsecount="0"/>
        <line num="24" count="26" type="cond" truecount="2" falsecount="0"/>
        <line num="26" count="26" type="stmt"/>
        <line num="27" count="42" type="cond" truecount="4" falsecount="0"/>
        <line num="29" count="39" type="stmt"/>
        <line num="30" count="39" type="stmt"/>
        <line num="33" count="26" type="stmt"/>
        <line num="35" count="0" type="stmt"/>
        <line num="36" count="0" type="stmt"/>
        <line num="48" count="43" type="stmt"/>
        <line num="51" count="43" type="cond" truecount="1" falsecount="1"/>
        <line num="52" count="50" type="cond" truecount="2" falsecount="0"/>
        <line num="55" count="43" type="cond" truecount="2" falsecount="0"/>
        <line num="56" count="42" type="cond" truecount="2" falsecount="0"/>
        <line num="58" count="41" type="stmt"/>
        <line num="61" count="41" type="cond" truecount="3" falsecount="0"/>
        <line num="63" count="23" type="stmt"/>
        <line num="66" count="17" type="stmt"/>
        <line num="69" count="1" type="stmt"/>
        <line num="81" count="26" type="cond" truecount="2" falsecount="0"/>
        <line num="82" count="20" type="stmt"/>
        <line num="84" count="6" type="stmt"/>
        <line num="95" count="22" type="stmt"/>
        <line num="96" count="22" type="stmt"/>
        <line num="97" count="21" type="cond" truecount="2" falsecount="0"/>
        <line num="98" count="18" type="stmt"/>
        <line num="102" count="1" type="stmt"/>
        <line num="104" count="4" type="stmt"/>
        <line num="114" count="12" type="cond" truecount="4" falsecount="0"/>
        <line num="115" count="11" type="cond" truecount="4" falsecount="0"/>
        <line num="125" count="15" type="cond" truecount="2" falsecount="0"/>
        <line num="126" count="15" type="cond" truecount="1" falsecount="1"/>
        <line num="128" count="15" type="cond" truecount="2" falsecount="0"/>
        <line num="130" count="9" type="stmt"/>
        <line num="131" count="8" type="cond" truecount="2" falsecount="0"/>
        <line num="134" count="8" type="stmt"/>
      </file>
    </package>
    <package name="ChromeExtension.utils">
      <metrics statements="6" coveredstatements="6" conditionals="2" coveredconditionals="2" methods="3" coveredmethods="3"/>
      <file name="textUtils.js" path="/Users/flexipie/Desktop/Code/Projects/Gigi'sCopyTools/ChromeExtension/utils/textUtils.js">
        <metrics statements="6" coveredstatements="6" conditionals="2" coveredconditionals="2" methods="3" coveredmethods="3"/>
        <line num="13" count="102" type="cond" truecount="2" falsecount="0"/>
        <line num="23" count="96" type="stmt"/>
        <line num="24" count="96" type="stmt"/>
        <line num="25" count="1130" type="stmt"/>
        <line num="27" count="96" type="stmt"/>
        <line num="36" count="32" type="stmt"/>
      </file>
    </package>
  </project>
</coverage>
