{"/Users/flexipie/Desktop/Code/Projects/Gigi'sCopyTools/ChromeExtension/constants.js": {"path":"/Users/flexipie/Desktop/Code/Projects/Gigi'sCopyTools/ChromeExtension/constants.js","statementMap":{"0":{"start":{"line":7,"column":28},"end":{"line":19,"column":1}},"1":{"start":{"line":22,"column":24},"end":{"line":31,"column":1}},"2":{"start":{"line":34,"column":22},"end":{"line":40,"column":1}},"3":{"start":{"line":43,"column":30},"end":{"line":46,"column":1}},"4":{"start":{"line":49,"column":39},"end":{"line":54,"column":1}},"5":{"start":{"line":57,"column":28},"end":{"line":61,"column":1}},"6":{"start":{"line":64,"column":28},"end":{"line":67,"column":1}}},"fnMap":{},"branchMap":{},"s":{"0":3,"1":3,"2":3,"3":3,"4":3,"5":3,"6":3},"f":{},"b":{},"inputSourceMap":null,"_coverageSchema":"1a1c01bbd47fc00a2c39e90264f33305004495a9","hash":"c7eda1400ff6a0a4551ef1aa0b18685deda37210"}
,"/Users/flexipie/Desktop/Code/Projects/Gigi'sCopyTools/ChromeExtension/storage.js": {"path":"/Users/flexipie/Desktop/Code/Projects/Gigi'sCopyTools/ChromeExtension/storage.js","statementMap":{"0":{"start":{"line":5,"column":22},"end":{"line":5,"column":24}},"1":{"start":{"line":6,"column":24},"end":{"line":6,"column":26}},"2":{"start":{"line":7,"column":26},"end":{"line":7,"column":28}},"3":{"start":{"line":8,"column":30},"end":{"line":8,"column":36}},"4":{"start":{"line":9,"column":38},"end":{"line":9,"column":43}},"5":{"start":{"line":10,"column":33},"end":{"line":10,"column":37}},"6":{"start":{"line":11,"column":28},"end":{"line":11,"column":37}},"7":{"start":{"line":12,"column":29},"end":{"line":12,"column":33}},"8":{"start":{"line":20,"column":2},"end":{"line":30,"column":5}},"9":{"start":{"line":21,"column":4},"end":{"line":29,"column":5}},"10":{"start":{"line":22,"column":6},"end":{"line":26,"column":9}},"11":{"start":{"line":23,"column":20},"end":{"line":23,"column":44}},"12":{"start":{"line":24,"column":8},"end":{"line":25,"column":35}},"13":{"start":{"line":24,"column":17},"end":{"line":24,"column":29}},"14":{"start":{"line":25,"column":13},"end":{"line":25,"column":35}},"15":{"start":{"line":28,"column":6},"end":{"line":28,"column":16}},"16":{"start":{"line":38,"column":2},"end":{"line":48,"column":5}},"17":{"start":{"line":39,"column":4},"end":{"line":47,"column":5}},"18":{"start":{"line":40,"column":6},"end":{"line":44,"column":9}},"19":{"start":{"line":41,"column":20},"end":{"line":41,"column":44}},"20":{"start":{"line":42,"column":8},"end":{"line":43,"column":23}},"21":{"start":{"line":42,"column":17},"end":{"line":42,"column":29}},"22":{"start":{"line":43,"column":13},"end":{"line":43,"column":23}},"23":{"start":{"line":46,"column":6},"end":{"line":46,"column":16}},"24":{"start":{"line":58,"column":2},"end":{"line":58,"column":65}},"25":{"start":{"line":66,"column":36},"end":{"line":66,"column":78}},"26":{"start":{"line":67,"column":2},"end":{"line":67,"column":43}},"27":{"start":{"line":75,"column":2},"end":{"line":75,"column":65}},"28":{"start":{"line":83,"column":18},"end":{"line":83,"column":34}},"29":{"start":{"line":84,"column":15},"end":{"line":84,"column":54}},"30":{"start":{"line":85,"column":2},"end":{"line":85,"column":28}},"31":{"start":{"line":85,"column":13},"end":{"line":85,"column":28}},"32":{"start":{"line":86,"column":2},"end":{"line":86,"column":23}},"33":{"start":{"line":87,"column":2},"end":{"line":87,"column":14}},"34":{"start":{"line":94,"column":40},"end":{"line":94,"column":86}},"35":{"start":{"line":95,"column":2},"end":{"line":95,"column":47}},"36":{"start":{"line":102,"column":2},"end":{"line":102,"column":71}},"37":{"start":{"line":109,"column":18},"end":{"line":109,"column":36}},"38":{"start":{"line":110,"column":15},"end":{"line":110,"column":54}},"39":{"start":{"line":111,"column":2},"end":{"line":111,"column":28}},"40":{"start":{"line":111,"column":13},"end":{"line":111,"column":28}},"41":{"start":{"line":112,"column":2},"end":{"line":112,"column":25}},"42":{"start":{"line":113,"column":2},"end":{"line":113,"column":14}},"43":{"start":{"line":120,"column":56},"end":{"line":120,"column":118}},"44":{"start":{"line":121,"column":2},"end":{"line":121,"column":32}},"45":{"start":{"line":128,"column":2},"end":{"line":128,"column":51}},"46":{"start":{"line":135,"column":43},"end":{"line":135,"column":92}},"47":{"start":{"line":136,"column":2},"end":{"line":136,"column":50}},"48":{"start":{"line":143,"column":2},"end":{"line":143,"column":75}},"49":{"start":{"line":150,"column":51},"end":{"line":150,"column":108}},"50":{"start":{"line":151,"column":2},"end":{"line":151,"column":47}},"51":{"start":{"line":158,"column":2},"end":{"line":158,"column":69}},"52":{"start":{"line":165,"column":66},"end":{"line":165,"column":138}},"53":{"start":{"line":166,"column":2},"end":{"line":166,"column":31}},"54":{"start":{"line":173,"column":2},"end":{"line":173,"column":55}},"55":{"start":{"line":180,"column":32},"end":{"line":180,"column":70}},"56":{"start":{"line":181,"column":2},"end":{"line":181,"column":65}},"57":{"start":{"line":181,"column":53},"end":{"line":181,"column":65}},"58":{"start":{"line":182,"column":24},"end":{"line":182,"column":34}},"59":{"start":{"line":183,"column":2},"end":{"line":183,"column":80}},"60":{"start":{"line":183,"column":59},"end":{"line":183,"column":80}},"61":{"start":{"line":184,"column":2},"end":{"line":184,"column":14}},"62":{"start":{"line":191,"column":2},"end":{"line":194,"column":3}},"63":{"start":{"line":192,"column":4},"end":{"line":192,"column":43}},"64":{"start":{"line":193,"column":4},"end":{"line":193,"column":11}},"65":{"start":{"line":195,"column":24},"end":{"line":195,"column":27}},"66":{"start":{"line":196,"column":2},"end":{"line":196,"column":122}},"67":{"start":{"line":203,"column":2},"end":{"line":203,"column":41}},"68":{"start":{"line":210,"column":37},"end":{"line":214,"column":4}},"69":{"start":{"line":215,"column":2},"end":{"line":215,"column":48}},"70":{"start":{"line":222,"column":51},"end":{"line":225,"column":4}},"71":{"start":{"line":226,"column":2},"end":{"line":230,"column":4}},"72":{"start":{"line":237,"column":18},"end":{"line":237,"column":20}},"73":{"start":{"line":238,"column":2},"end":{"line":238,"column":63}},"74":{"start":{"line":238,"column":13},"end":{"line":238,"column":63}},"75":{"start":{"line":239,"column":2},"end":{"line":239,"column":71}},"76":{"start":{"line":239,"column":15},"end":{"line":239,"column":71}},"77":{"start":{"line":240,"column":2},"end":{"line":240,"column":93}},"78":{"start":{"line":240,"column":45},"end":{"line":240,"column":93}},"79":{"start":{"line":241,"column":2},"end":{"line":241,"column":61}},"80":{"start":{"line":241,"column":35},"end":{"line":241,"column":61}},"81":{"start":{"line":248,"column":2},"end":{"line":248,"column":44}},"82":{"start":{"line":255,"column":47},"end":{"line":255,"column":100}},"83":{"start":{"line":256,"column":2},"end":{"line":256,"column":43}},"84":{"start":{"line":263,"column":2},"end":{"line":263,"column":66}},"85":{"start":{"line":270,"column":49},"end":{"line":270,"column":104}},"86":{"start":{"line":271,"column":2},"end":{"line":271,"column":67}},"87":{"start":{"line":271,"column":55},"end":{"line":271,"column":67}},"88":{"start":{"line":272,"column":28},"end":{"line":272,"column":39}},"89":{"start":{"line":273,"column":2},"end":{"line":273,"column":88}},"90":{"start":{"line":273,"column":63},"end":{"line":273,"column":88}},"91":{"start":{"line":274,"column":2},"end":{"line":274,"column":14}},"92":{"start":{"line":281,"column":2},"end":{"line":284,"column":3}},"93":{"start":{"line":282,"column":4},"end":{"line":282,"column":44}},"94":{"start":{"line":283,"column":4},"end":{"line":283,"column":11}},"95":{"start":{"line":285,"column":28},"end":{"line":285,"column":32}},"96":{"start":{"line":286,"column":18},"end":{"line":286,"column":20}},"97":{"start":{"line":287,"column":2},"end":{"line":287,"column":55}},"98":{"start":{"line":287,"column":33},"end":{"line":287,"column":55}},"99":{"start":{"line":288,"column":2},"end":{"line":288,"column":58}},"100":{"start":{"line":288,"column":34},"end":{"line":288,"column":58}},"101":{"start":{"line":289,"column":2},"end":{"line":289,"column":45}}},"fnMap":{"0":{"name":"storageGet","decl":{"start":{"line":19,"column":15},"end":{"line":19,"column":25}},"loc":{"start":{"line":19,"column":32},"end":{"line":31,"column":1}},"line":19},"1":{"name":"(anonymous_1)","decl":{"start":{"line":20,"column":27},"end":{"line":20,"column":28}},"loc":{"start":{"line":20,"column":48},"end":{"line":30,"column":3}},"line":20},"2":{"name":"(anonymous_2)","decl":{"start":{"line":22,"column":37},"end":{"line":22,"column":38}},"loc":{"start":{"line":22,"column":49},"end":{"line":26,"column":7}},"line":22},"3":{"name":"storageSet","decl":{"start":{"line":37,"column":15},"end":{"line":37,"column":25}},"loc":{"start":{"line":37,"column":33},"end":{"line":49,"column":1}},"line":37},"4":{"name":"(anonymous_4)","decl":{"start":{"line":38,"column":27},"end":{"line":38,"column":28}},"loc":{"start":{"line":38,"column":48},"end":{"line":48,"column":3}},"line":38},"5":{"name":"(anonymous_5)","decl":{"start":{"line":40,"column":38},"end":{"line":40,"column":39}},"loc":{"start":{"line":40,"column":44},"end":{"line":44,"column":7}},"line":40},"6":{"name":"ensureArray","decl":{"start":{"line":57,"column":9},"end":{"line":57,"column":20}},"loc":{"start":{"line":57,"column":43},"end":{"line":59,"column":1}},"line":57},"7":{"name":"getClips","decl":{"start":{"line":65,"column":22},"end":{"line":65,"column":30}},"loc":{"start":{"line":65,"column":33},"end":{"line":68,"column":1}},"line":65},"8":{"name":"setClips","decl":{"start":{"line":74,"column":22},"end":{"line":74,"column":30}},"loc":{"start":{"line":74,"column":38},"end":{"line":76,"column":1}},"line":74},"9":{"name":"updateClips","decl":{"start":{"line":82,"column":22},"end":{"line":82,"column":33}},"loc":{"start":{"line":82,"column":43},"end":{"line":88,"column":1}},"line":82},"10":{"name":"getFolders","decl":{"start":{"line":93,"column":22},"end":{"line":93,"column":32}},"loc":{"start":{"line":93,"column":35},"end":{"line":96,"column":1}},"line":93},"11":{"name":"setFolders","decl":{"start":{"line":101,"column":22},"end":{"line":101,"column":32}},"loc":{"start":{"line":101,"column":42},"end":{"line":103,"column":1}},"line":101},"12":{"name":"updateFolders","decl":{"start":{"line":108,"column":22},"end":{"line":108,"column":35}},"loc":{"start":{"line":108,"column":45},"end":{"line":114,"column":1}},"line":108},"13":{"name":"getActiveFolderId","decl":{"start":{"line":119,"column":22},"end":{"line":119,"column":39}},"loc":{"start":{"line":119,"column":42},"end":{"line":122,"column":1}},"line":119},"14":{"name":"setActiveFolderId","decl":{"start":{"line":127,"column":22},"end":{"line":127,"column":39}},"loc":{"start":{"line":127,"column":44},"end":{"line":129,"column":1}},"line":127},"15":{"name":"getTagRules","decl":{"start":{"line":134,"column":22},"end":{"line":134,"column":33}},"loc":{"start":{"line":134,"column":36},"end":{"line":137,"column":1}},"line":134},"16":{"name":"setTagRules","decl":{"start":{"line":142,"column":22},"end":{"line":142,"column":33}},"loc":{"start":{"line":142,"column":44},"end":{"line":144,"column":1}},"line":142},"17":{"name":"getOverlayTheme","decl":{"start":{"line":149,"column":22},"end":{"line":149,"column":37}},"loc":{"start":{"line":149,"column":40},"end":{"line":152,"column":1}},"line":149},"18":{"name":"setOverlayTheme","decl":{"start":{"line":157,"column":22},"end":{"line":157,"column":37}},"loc":{"start":{"line":157,"column":45},"end":{"line":159,"column":1}},"line":157},"19":{"name":"getOverlayReduceMotion","decl":{"start":{"line":164,"column":22},"end":{"line":164,"column":44}},"loc":{"start":{"line":164,"column":47},"end":{"line":167,"column":1}},"line":164},"20":{"name":"setOverlayReduceMotion","decl":{"start":{"line":172,"column":22},"end":{"line":172,"column":44}},"loc":{"start":{"line":172,"column":54},"end":{"line":174,"column":1}},"line":172},"21":{"name":"getOverlayPosition","decl":{"start":{"line":179,"column":22},"end":{"line":179,"column":40}},"loc":{"start":{"line":179,"column":43},"end":{"line":185,"column":1}},"line":179},"22":{"name":"setOverlayPosition","decl":{"start":{"line":190,"column":22},"end":{"line":190,"column":40}},"loc":{"start":{"line":190,"column":46},"end":{"line":197,"column":1}},"line":190},"23":{"name":"clearOverlayPosition","decl":{"start":{"line":202,"column":22},"end":{"line":202,"column":42}},"loc":{"start":{"line":202,"column":45},"end":{"line":204,"column":1}},"line":202},"24":{"name":"getOverlaySettings","decl":{"start":{"line":209,"column":22},"end":{"line":209,"column":40}},"loc":{"start":{"line":209,"column":43},"end":{"line":216,"column":1}},"line":209},"25":{"name":"getClipsAndFolders","decl":{"start":{"line":221,"column":22},"end":{"line":221,"column":40}},"loc":{"start":{"line":221,"column":43},"end":{"line":231,"column":1}},"line":221},"26":{"name":"setClipsAndFolders","decl":{"start":{"line":236,"column":22},"end":{"line":236,"column":40}},"loc":{"start":{"line":236,"column":77},"end":{"line":242,"column":1}},"line":236},"27":{"name":"getAll","decl":{"start":{"line":247,"column":22},"end":{"line":247,"column":28}},"loc":{"start":{"line":247,"column":47},"end":{"line":249,"column":1}},"line":247},"28":{"name":"getCopyFormat","decl":{"start":{"line":254,"column":22},"end":{"line":254,"column":35}},"loc":{"start":{"line":254,"column":38},"end":{"line":257,"column":1}},"line":254},"29":{"name":"setCopyFormat","decl":{"start":{"line":262,"column":22},"end":{"line":262,"column":35}},"loc":{"start":{"line":262,"column":44},"end":{"line":264,"column":1}},"line":262},"30":{"name":"getOverlaySize","decl":{"start":{"line":269,"column":22},"end":{"line":269,"column":36}},"loc":{"start":{"line":269,"column":39},"end":{"line":275,"column":1}},"line":269},"31":{"name":"setOverlaySize","decl":{"start":{"line":280,"column":22},"end":{"line":280,"column":36}},"loc":{"start":{"line":280,"column":43},"end":{"line":290,"column":1}},"line":280}},"branchMap":{"0":{"loc":{"start":{"line":24,"column":8},"end":{"line":25,"column":35}},"type":"if","locations":[{"start":{"line":24,"column":8},"end":{"line":25,"column":35}},{"start":{"line":25,"column":13},"end":{"line":25,"column":35}}],"line":24},"1":{"loc":{"start":{"line":25,"column":21},"end":{"line":25,"column":33}},"type":"binary-expr","locations":[{"start":{"line":25,"column":21},"end":{"line":25,"column":27}},{"start":{"line":25,"column":31},"end":{"line":25,"column":33}}],"line":25},"2":{"loc":{"start":{"line":42,"column":8},"end":{"line":43,"column":23}},"type":"if","locations":[{"start":{"line":42,"column":8},"end":{"line":43,"column":23}},{"start":{"line":43,"column":13},"end":{"line":43,"column":23}}],"line":42},"3":{"loc":{"start":{"line":57,"column":28},"end":{"line":57,"column":41}},"type":"default-arg","locations":[{"start":{"line":57,"column":39},"end":{"line":57,"column":41}}],"line":57},"4":{"loc":{"start":{"line":58,"column":9},"end":{"line":58,"column":64}},"type":"cond-expr","locations":[{"start":{"line":58,"column":32},"end":{"line":58,"column":45}},{"start":{"line":58,"column":48},"end":{"line":58,"column":64}}],"line":58},"5":{"loc":{"start":{"line":66,"column":10},"end":{"line":66,"column":31}},"type":"default-arg","locations":[{"start":{"line":66,"column":18},"end":{"line":66,"column":31}}],"line":66},"6":{"loc":{"start":{"line":85,"column":2},"end":{"line":85,"column":28}},"type":"if","locations":[{"start":{"line":85,"column":2},"end":{"line":85,"column":28}},{"start":{},"end":{}}],"line":85},"7":{"loc":{"start":{"line":94,"column":10},"end":{"line":94,"column":35}},"type":"default-arg","locations":[{"start":{"line":94,"column":20},"end":{"line":94,"column":35}}],"line":94},"8":{"loc":{"start":{"line":111,"column":2},"end":{"line":111,"column":28}},"type":"if","locations":[{"start":{"line":111,"column":2},"end":{"line":111,"column":28}},{"start":{},"end":{}}],"line":111},"9":{"loc":{"start":{"line":120,"column":10},"end":{"line":120,"column":51}},"type":"default-arg","locations":[{"start":{"line":120,"column":27},"end":{"line":120,"column":51}}],"line":120},"10":{"loc":{"start":{"line":121,"column":9},"end":{"line":121,"column":31}},"type":"binary-expr","locations":[{"start":{"line":121,"column":9},"end":{"line":121,"column":23}},{"start":{"line":121,"column":27},"end":{"line":121,"column":31}}],"line":121},"11":{"loc":{"start":{"line":128,"column":37},"end":{"line":128,"column":47}},"type":"binary-expr","locations":[{"start":{"line":128,"column":37},"end":{"line":128,"column":39}},{"start":{"line":128,"column":43},"end":{"line":128,"column":47}}],"line":128},"12":{"loc":{"start":{"line":135,"column":10},"end":{"line":135,"column":38}},"type":"default-arg","locations":[{"start":{"line":135,"column":21},"end":{"line":135,"column":38}}],"line":135},"13":{"loc":{"start":{"line":150,"column":10},"end":{"line":150,"column":46}},"type":"default-arg","locations":[{"start":{"line":150,"column":25},"end":{"line":150,"column":46}}],"line":150},"14":{"loc":{"start":{"line":151,"column":9},"end":{"line":151,"column":46}},"type":"binary-expr","locations":[{"start":{"line":151,"column":9},"end":{"line":151,"column":21}},{"start":{"line":151,"column":25},"end":{"line":151,"column":46}}],"line":151},"15":{"loc":{"start":{"line":158,"column":35},"end":{"line":158,"column":65}},"type":"binary-expr","locations":[{"start":{"line":158,"column":35},"end":{"line":158,"column":40}},{"start":{"line":158,"column":44},"end":{"line":158,"column":65}}],"line":158},"16":{"loc":{"start":{"line":165,"column":10},"end":{"line":165,"column":61}},"type":"default-arg","locations":[{"start":{"line":165,"column":32},"end":{"line":165,"column":61}}],"line":165},"17":{"loc":{"start":{"line":180,"column":10},"end":{"line":180,"column":27}},"type":"default-arg","locations":[{"start":{"line":180,"column":23},"end":{"line":180,"column":27}}],"line":180},"18":{"loc":{"start":{"line":181,"column":2},"end":{"line":181,"column":65}},"type":"if","locations":[{"start":{"line":181,"column":2},"end":{"line":181,"column":65}},{"start":{},"end":{}}],"line":181},"19":{"loc":{"start":{"line":181,"column":6},"end":{"line":181,"column":51}},"type":"binary-expr","locations":[{"start":{"line":181,"column":6},"end":{"line":181,"column":17}},{"start":{"line":181,"column":21},"end":{"line":181,"column":51}}],"line":181},"20":{"loc":{"start":{"line":183,"column":2},"end":{"line":183,"column":80}},"type":"if","locations":[{"start":{"line":183,"column":2},"end":{"line":183,"column":80}},{"start":{},"end":{}}],"line":183},"21":{"loc":{"start":{"line":183,"column":6},"end":{"line":183,"column":57}},"type":"binary-expr","locations":[{"start":{"line":183,"column":6},"end":{"line":183,"column":30}},{"start":{"line":183,"column":34},"end":{"line":183,"column":57}}],"line":183},"22":{"loc":{"start":{"line":191,"column":2},"end":{"line":194,"column":3}},"type":"if","locations":[{"start":{"line":191,"column":2},"end":{"line":194,"column":3}},{"start":{},"end":{}}],"line":191},"23":{"loc":{"start":{"line":191,"column":6},"end":{"line":191,"column":37}},"type":"binary-expr","locations":[{"start":{"line":191,"column":6},"end":{"line":191,"column":10}},{"start":{"line":191,"column":14},"end":{"line":191,"column":37}}],"line":191},"24":{"loc":{"start":{"line":196,"column":41},"end":{"line":196,"column":76}},"type":"cond-expr","locations":[{"start":{"line":196,"column":68},"end":{"line":196,"column":72}},{"start":{"line":196,"column":75},"end":{"line":196,"column":76}}],"line":196},"25":{"loc":{"start":{"line":196,"column":83},"end":{"line":196,"column":116}},"type":"cond-expr","locations":[{"start":{"line":196,"column":109},"end":{"line":196,"column":112}},{"start":{"line":196,"column":115},"end":{"line":196,"column":116}}],"line":196},"26":{"loc":{"start":{"line":229,"column":20},"end":{"line":229,"column":42}},"type":"binary-expr","locations":[{"start":{"line":229,"column":20},"end":{"line":229,"column":34}},{"start":{"line":229,"column":38},"end":{"line":229,"column":42}}],"line":229},"27":{"loc":{"start":{"line":238,"column":2},"end":{"line":238,"column":63}},"type":"if","locations":[{"start":{"line":238,"column":2},"end":{"line":238,"column":63}},{"start":{},"end":{}}],"line":238},"28":{"loc":{"start":{"line":239,"column":2},"end":{"line":239,"column":71}},"type":"if","locations":[{"start":{"line":239,"column":2},"end":{"line":239,"column":71}},{"start":{},"end":{}}],"line":239},"29":{"loc":{"start":{"line":240,"column":2},"end":{"line":240,"column":93}},"type":"if","locations":[{"start":{"line":240,"column":2},"end":{"line":240,"column":93}},{"start":{},"end":{}}],"line":240},"30":{"loc":{"start":{"line":240,"column":70},"end":{"line":240,"column":92}},"type":"binary-expr","locations":[{"start":{"line":240,"column":70},"end":{"line":240,"column":84}},{"start":{"line":240,"column":88},"end":{"line":240,"column":92}}],"line":240},"31":{"loc":{"start":{"line":241,"column":2},"end":{"line":241,"column":61}},"type":"if","locations":[{"start":{"line":241,"column":2},"end":{"line":241,"column":61}},{"start":{},"end":{}}],"line":241},"32":{"loc":{"start":{"line":255,"column":10},"end":{"line":255,"column":42}},"type":"default-arg","locations":[{"start":{"line":255,"column":23},"end":{"line":255,"column":42}}],"line":255},"33":{"loc":{"start":{"line":256,"column":9},"end":{"line":256,"column":42}},"type":"binary-expr","locations":[{"start":{"line":256,"column":9},"end":{"line":256,"column":19}},{"start":{"line":256,"column":23},"end":{"line":256,"column":42}}],"line":256},"34":{"loc":{"start":{"line":263,"column":33},"end":{"line":263,"column":62}},"type":"binary-expr","locations":[{"start":{"line":263,"column":33},"end":{"line":263,"column":39}},{"start":{"line":263,"column":43},"end":{"line":263,"column":62}}],"line":263},"35":{"loc":{"start":{"line":270,"column":10},"end":{"line":270,"column":44}},"type":"default-arg","locations":[{"start":{"line":270,"column":24},"end":{"line":270,"column":44}}],"line":270},"36":{"loc":{"start":{"line":271,"column":2},"end":{"line":271,"column":67}},"type":"if","locations":[{"start":{"line":271,"column":2},"end":{"line":271,"column":67}},{"start":{},"end":{}}],"line":271},"37":{"loc":{"start":{"line":271,"column":6},"end":{"line":271,"column":53}},"type":"binary-expr","locations":[{"start":{"line":271,"column":6},"end":{"line":271,"column":18}},{"start":{"line":271,"column":22},"end":{"line":271,"column":53}}],"line":271},"38":{"loc":{"start":{"line":273,"column":2},"end":{"line":273,"column":88}},"type":"if","locations":[{"start":{"line":273,"column":2},"end":{"line":273,"column":88}},{"start":{},"end":{}}],"line":273},"39":{"loc":{"start":{"line":273,"column":6},"end":{"line":273,"column":61}},"type":"binary-expr","locations":[{"start":{"line":273,"column":6},"end":{"line":273,"column":31}},{"start":{"line":273,"column":35},"end":{"line":273,"column":61}}],"line":273},"40":{"loc":{"start":{"line":281,"column":2},"end":{"line":284,"column":3}},"type":"if","locations":[{"start":{"line":281,"column":2},"end":{"line":284,"column":3}},{"start":{},"end":{}}],"line":281},"41":{"loc":{"start":{"line":281,"column":6},"end":{"line":281,"column":39}},"type":"binary-expr","locations":[{"start":{"line":281,"column":6},"end":{"line":281,"column":11}},{"start":{"line":281,"column":15},"end":{"line":281,"column":39}}],"line":281},"42":{"loc":{"start":{"line":287,"column":2},"end":{"line":287,"column":55}},"type":"if","locations":[{"start":{"line":287,"column":2},"end":{"line":287,"column":55}},{"start":{},"end":{}}],"line":287},"43":{"loc":{"start":{"line":288,"column":2},"end":{"line":288,"column":58}},"type":"if","locations":[{"start":{"line":288,"column":2},"end":{"line":288,"column":58}},{"start":{},"end":{}}],"line":288}},"s":{"0":4,"1":4,"2":4,"3":4,"4":4,"5":4,"6":4,"7":4,"8":145,"9":145,"10":145,"11":145,"12":145,"13":0,"14":145,"15":0,"16":69,"17":69,"18":69,"19":69,"20":69,"21":0,"22":69,"23":0,"24":168,"25":64,"26":64,"27":41,"28":3,"29":3,"30":3,"31":1,"32":2,"33":2,"34":5,"35":5,"36":2,"37":3,"38":3,"39":3,"40":2,"41":1,"42":1,"43":2,"44":2,"45":2,"46":42,"47":42,"48":8,"49":2,"50":2,"51":1,"52":2,"53":2,"54":1,"55":11,"56":11,"57":5,"58":6,"59":6,"60":4,"61":2,"62":6,"63":2,"64":2,"65":4,"66":4,"67":1,"68":2,"69":2,"70":2,"71":2,"72":1,"73":1,"74":1,"75":1,"76":1,"77":1,"78":0,"79":1,"80":1,"81":3,"82":2,"83":2,"84":1,"85":8,"86":8,"87":3,"88":5,"89":5,"90":1,"91":4,"92":5,"93":2,"94":2,"95":3,"96":3,"97":3,"98":2,"99":3,"100":2,"101":3},"f":{"0":145,"1":145,"2":145,"3":69,"4":69,"5":69,"6":168,"7":64,"8":41,"9":3,"10":5,"11":2,"12":3,"13":2,"14":2,"15":42,"16":8,"17":2,"18":1,"19":2,"20":1,"21":11,"22":6,"23":1,"24":2,"25":2,"26":1,"27":3,"28":2,"29":1,"30":8,"31":5},"b":{"0":[0,145],"1":[145,0],"2":[0,69],"3":[0],"4":[166,2],"5":[0],"6":[1,2],"7":[0],"8":[2,1],"9":[0],"10":[2,1],"11":[2,1],"12":[0],"13":[0],"14":[2,0],"15":[1,0],"16":[0],"17":[0],"18":[5,6],"19":[11,7],"20":[4,2],"21":[6,5],"22":[2,4],"23":[6,5],"24":[3,1],"25":[3,1],"26":[2,1],"27":[1,0],"28":[1,0],"29":[0,1],"30":[0,0],"31":[1,0],"32":[0],"33":[2,0],"34":[1,0],"35":[0],"36":[3,5],"37":[8,6],"38":[1,4],"39":[5,3],"40":[2,3],"41":[5,4],"42":[2,1],"43":[2,1]},"inputSourceMap":null,"_coverageSchema":"1a1c01bbd47fc00a2c39e90264f33305004495a9","hash":"5cd2410abd91aa26c3f72f55552cfc1d5b523547"}
,"/Users/flexipie/Desktop/Code/Projects/Gigi'sCopyTools/ChromeExtension/services/ClipService.js": {"path":"/Users/flexipie/Desktop/Code/Projects/Gigi'sCopyTools/ChromeExtension/services/ClipService.js","statementMap":{"0":{"start":{"line":26,"column":4},"end":{"line":83,"column":5}},"1":{"start":{"line":34,"column":10},"end":{"line":34,"column":24}},"2":{"start":{"line":37,"column":6},"end":{"line":39,"column":7}},"3":{"start":{"line":38,"column":8},"end":{"line":38,"column":21}},"4":{"start":{"line":42,"column":19},"end":{"line":42,"column":51}},"5":{"start":{"line":43,"column":6},"end":{"line":43,"column":30}},"6":{"start":{"line":43,"column":17},"end":{"line":43,"column":30}},"7":{"start":{"line":46,"column":23},"end":{"line":46,"column":42}},"8":{"start":{"line":47,"column":19},"end":{"line":47,"column":67}},"9":{"start":{"line":50,"column":20},"end":{"line":50,"column":36}},"10":{"start":{"line":53,"column":23},"end":{"line":53,"column":67}},"11":{"start":{"line":55,"column":6},"end":{"line":75,"column":7}},"12":{"start":{"line":57,"column":25},"end":{"line":57,"column":40}},"13":{"start":{"line":58,"column":8},"end":{"line":58,"column":74}},"14":{"start":{"line":61,"column":24},"end":{"line":73,"column":9}},"15":{"start":{"line":74,"column":8},"end":{"line":74,"column":28}},"16":{"start":{"line":78,"column":6},"end":{"line":78,"column":28}},"17":{"start":{"line":79,"column":6},"end":{"line":79,"column":18}},"18":{"start":{"line":81,"column":6},"end":{"line":81,"column":62}},"19":{"start":{"line":82,"column":6},"end":{"line":82,"column":19}},"20":{"start":{"line":91,"column":4},"end":{"line":120,"column":5}},"21":{"start":{"line":92,"column":32},"end":{"line":95,"column":8}},"22":{"start":{"line":97,"column":25},"end":{"line":97,"column":26}},"23":{"start":{"line":99,"column":27},"end":{"line":110,"column":8}},"24":{"start":{"line":100,"column":8},"end":{"line":100,"column":59}},"25":{"start":{"line":100,"column":47},"end":{"line":100,"column":59}},"26":{"start":{"line":102,"column":24},"end":{"line":102,"column":74}},"27":{"start":{"line":104,"column":8},"end":{"line":107,"column":9}},"28":{"start":{"line":105,"column":10},"end":{"line":105,"column":25}},"29":{"start":{"line":106,"column":10},"end":{"line":106,"column":44}},"30":{"start":{"line":109,"column":8},"end":{"line":109,"column":20}},"31":{"start":{"line":112,"column":6},"end":{"line":114,"column":7}},"32":{"start":{"line":113,"column":8},"end":{"line":113,"column":37}},"33":{"start":{"line":116,"column":6},"end":{"line":116,"column":26}},"34":{"start":{"line":118,"column":6},"end":{"line":118,"column":65}},"35":{"start":{"line":119,"column":6},"end":{"line":119,"column":15}},"36":{"start":{"line":129,"column":4},"end":{"line":131,"column":5}},"37":{"start":{"line":130,"column":6},"end":{"line":130,"column":19}},"38":{"start":{"line":133,"column":4},"end":{"line":135,"column":5}},"39":{"start":{"line":134,"column":6},"end":{"line":134,"column":19}},"40":{"start":{"line":137,"column":4},"end":{"line":139,"column":5}},"41":{"start":{"line":138,"column":6},"end":{"line":138,"column":19}},"42":{"start":{"line":141,"column":4},"end":{"line":141,"column":16}}},"fnMap":{"0":{"name":"(anonymous_0)","decl":{"start":{"line":25,"column":2},"end":{"line":25,"column":3}},"loc":{"start":{"line":25,"column":39},"end":{"line":84,"column":3}},"line":25},"1":{"name":"(anonymous_1)","decl":{"start":{"line":90,"column":2},"end":{"line":90,"column":3}},"loc":{"start":{"line":90,"column":34},"end":{"line":121,"column":3}},"line":90},"2":{"name":"(anonymous_2)","decl":{"start":{"line":99,"column":37},"end":{"line":99,"column":38}},"loc":{"start":{"line":99,"column":45},"end":{"line":110,"column":7}},"line":99},"3":{"name":"(anonymous_3)","decl":{"start":{"line":128,"column":2},"end":{"line":128,"column":3}},"loc":{"start":{"line":128,"column":36},"end":{"line":142,"column":3}},"line":128}},"branchMap":{"0":{"loc":{"start":{"line":29,"column":8},"end":{"line":29,"column":18}},"type":"default-arg","locations":[{"start":{"line":29,"column":16},"end":{"line":29,"column":18}}],"line":29},"1":{"loc":{"start":{"line":30,"column":8},"end":{"line":30,"column":16}},"type":"default-arg","locations":[{"start":{"line":30,"column":14},"end":{"line":30,"column":16}}],"line":30},"2":{"loc":{"start":{"line":31,"column":8},"end":{"line":31,"column":30}},"type":"default-arg","locations":[{"start":{"line":31,"column":20},"end":{"line":31,"column":30}}],"line":31},"3":{"loc":{"start":{"line":32,"column":8},"end":{"line":32,"column":23}},"type":"default-arg","locations":[{"start":{"line":32,"column":19},"end":{"line":32,"column":23}}],"line":32},"4":{"loc":{"start":{"line":33,"column":8},"end":{"line":33,"column":33}},"type":"default-arg","locations":[{"start":{"line":33,"column":17},"end":{"line":33,"column":33}}],"line":33},"5":{"loc":{"start":{"line":34,"column":10},"end":{"line":34,"column":24}},"type":"binary-expr","locations":[{"start":{"line":34,"column":10},"end":{"line":34,"column":18}},{"start":{"line":34,"column":22},"end":{"line":34,"column":24}}],"line":34},"6":{"loc":{"start":{"line":37,"column":6},"end":{"line":39,"column":7}},"type":"if","locations":[{"start":{"line":37,"column":6},"end":{"line":39,"column":7}},{"start":{},"end":{}}],"line":37},"7":{"loc":{"start":{"line":37,"column":10},"end":{"line":37,"column":31}},"type":"binary-expr","locations":[{"start":{"line":37,"column":10},"end":{"line":37,"column":15}},{"start":{"line":37,"column":19},"end":{"line":37,"column":31}}],"line":37},"8":{"loc":{"start":{"line":43,"column":6},"end":{"line":43,"column":30}},"type":"if","locations":[{"start":{"line":43,"column":6},"end":{"line":43,"column":30}},{"start":{},"end":{}}],"line":43},"9":{"loc":{"start":{"line":55,"column":6},"end":{"line":75,"column":7}},"type":"if","locations":[{"start":{"line":55,"column":6},"end":{"line":75,"column":7}},{"start":{"line":59,"column":13},"end":{"line":75,"column":7}}],"line":55},"10":{"loc":{"start":{"line":100,"column":8},"end":{"line":100,"column":59}},"type":"if","locations":[{"start":{"line":100,"column":8},"end":{"line":100,"column":59}},{"start":{},"end":{}}],"line":100},"11":{"loc":{"start":{"line":100,"column":12},"end":{"line":100,"column":45}},"type":"binary-expr","locations":[{"start":{"line":100,"column":12},"end":{"line":100,"column":17}},{"start":{"line":100,"column":21},"end":{"line":100,"column":45}}],"line":100},"12":{"loc":{"start":{"line":104,"column":8},"end":{"line":107,"column":9}},"type":"if","locations":[{"start":{"line":104,"column":8},"end":{"line":107,"column":9}},{"start":{},"end":{}}],"line":104},"13":{"loc":{"start":{"line":112,"column":6},"end":{"line":114,"column":7}},"type":"if","locations":[{"start":{"line":112,"column":6},"end":{"line":114,"column":7}},{"start":{},"end":{}}],"line":112},"14":{"loc":{"start":{"line":129,"column":4},"end":{"line":131,"column":5}},"type":"if","locations":[{"start":{"line":129,"column":4},"end":{"line":131,"column":5}},{"start":{},"end":{}}],"line":129},"15":{"loc":{"start":{"line":129,"column":8},"end":{"line":129,"column":49}},"type":"binary-expr","locations":[{"start":{"line":129,"column":8},"end":{"line":129,"column":17}},{"start":{"line":129,"column":21},"end":{"line":129,"column":49}}],"line":129},"16":{"loc":{"start":{"line":133,"column":4},"end":{"line":135,"column":5}},"type":"if","locations":[{"start":{"line":133,"column":4},"end":{"line":135,"column":5}},{"start":{},"end":{}}],"line":133},"17":{"loc":{"start":{"line":133,"column":8},"end":{"line":133,"column":59}},"type":"binary-expr","locations":[{"start":{"line":133,"column":8},"end":{"line":133,"column":22}},{"start":{"line":133,"column":26},"end":{"line":133,"column":59}}],"line":133},"18":{"loc":{"start":{"line":137,"column":4},"end":{"line":139,"column":5}},"type":"if","locations":[{"start":{"line":137,"column":4},"end":{"line":139,"column":5}},{"start":{},"end":{}}],"line":137}},"s":{"0":38,"1":38,"2":38,"3":6,"4":32,"5":32,"6":0,"7":32,"8":32,"9":32,"10":32,"11":32,"12":5,"13":5,"14":27,"15":27,"16":32,"17":32,"18":0,"19":0,"20":8,"21":8,"22":8,"23":8,"24":11,"25":2,"26":9,"27":9,"28":5,"29":5,"30":4,"31":8,"32":5,"33":8,"34":0,"35":0,"36":10,"37":4,"38":6,"39":4,"40":2,"41":1,"42":1},"f":{"0":38,"1":8,"2":11,"3":10},"b":{"0":[35],"1":[27],"2":[37],"3":[33],"4":[35],"5":[38,1],"6":[6,32],"7":[38,34],"8":[0,32],"9":[5,27],"10":[2,9],"11":[11,9],"12":[5,4],"13":[5,3],"14":[4,6],"15":[10,8],"16":[4,2],"17":[6,3],"18":[1,1]},"inputSourceMap":null,"_coverageSchema":"1a1c01bbd47fc00a2c39e90264f33305004495a9","hash":"9055bb4f330755e72825c10000d510e29cf2e9ca"}
,"/Users/flexipie/Desktop/Code/Projects/Gigi'sCopyTools/ChromeExtension/services/DedupService.js": {"path":"/Users/flexipie/Desktop/Code/Projects/Gigi'sCopyTools/ChromeExtension/services/DedupService.js","statementMap":{"0":{"start":{"line":16,"column":4},"end":{"line":16,"column":50}},"1":{"start":{"line":16,"column":40},"end":{"line":16,"column":50}},"2":{"start":{"line":18,"column":17},"end":{"line":18,"column":36}},"3":{"start":{"line":19,"column":4},"end":{"line":19,"column":25}},"4":{"start":{"line":19,"column":15},"end":{"line":19,"column":25}},"5":{"start":{"line":21,"column":17},"end":{"line":21,"column":33}},"6":{"start":{"line":23,"column":4},"end":{"line":34,"column":7}},"7":{"start":{"line":24,"column":6},"end":{"line":24,"column":30}},"8":{"start":{"line":24,"column":17},"end":{"line":24,"column":30}},"9":{"start":{"line":27,"column":6},"end":{"line":29,"column":7}},"10":{"start":{"line":28,"column":8},"end":{"line":28,"column":34}},"11":{"start":{"line":32,"column":23},"end":{"line":32,"column":53}},"12":{"start":{"line":33,"column":6},"end":{"line":33,"column":55}},"13":{"start":{"line":44,"column":4},"end":{"line":44,"column":53}},"14":{"start":{"line":54,"column":21},"end":{"line":54,"column":59}},"15":{"start":{"line":55,"column":17},"end":{"line":55,"column":88}},"16":{"start":{"line":58,"column":25},"end":{"line":60,"column":10}},"17":{"start":{"line":61,"column":20},"end":{"line":63,"column":10}},"18":{"start":{"line":64,"column":23},"end":{"line":64,"column":73}},"19":{"start":{"line":66,"column":4},"end":{"line":72,"column":6}},"20":{"start":{"line":81,"column":17},"end":{"line":81,"column":36}},"21":{"start":{"line":82,"column":4},"end":{"line":82,"column":40}}},"fnMap":{"0":{"name":"(anonymous_0)","decl":{"start":{"line":15,"column":2},"end":{"line":15,"column":3}},"loc":{"start":{"line":15,"column":41},"end":{"line":35,"column":3}},"line":15},"1":{"name":"(anonymous_1)","decl":{"start":{"line":23,"column":27},"end":{"line":23,"column":28}},"loc":{"start":{"line":23,"column":35},"end":{"line":34,"column":5}},"line":23},"2":{"name":"(anonymous_2)","decl":{"start":{"line":43,"column":2},"end":{"line":43,"column":3}},"loc":{"start":{"line":43,"column":34},"end":{"line":45,"column":3}},"line":43},"3":{"name":"(anonymous_3)","decl":{"start":{"line":53,"column":2},"end":{"line":53,"column":3}},"loc":{"start":{"line":53,"column":47},"end":{"line":73,"column":3}},"line":53},"4":{"name":"(anonymous_4)","decl":{"start":{"line":80,"column":2},"end":{"line":80,"column":3}},"loc":{"start":{"line":80,"column":29},"end":{"line":83,"column":3}},"line":80}},"branchMap":{"0":{"loc":{"start":{"line":16,"column":4},"end":{"line":16,"column":50}},"type":"if","locations":[{"start":{"line":16,"column":4},"end":{"line":16,"column":50}},{"start":{},"end":{}}],"line":16},"1":{"loc":{"start":{"line":16,"column":8},"end":{"line":16,"column":38}},"type":"binary-expr","locations":[{"start":{"line":16,"column":8},"end":{"line":16,"column":13}},{"start":{"line":16,"column":17},"end":{"line":16,"column":38}}],"line":16},"2":{"loc":{"start":{"line":19,"column":4},"end":{"line":19,"column":25}},"type":"if","locations":[{"start":{"line":19,"column":4},"end":{"line":19,"column":25}},{"start":{},"end":{}}],"line":19},"3":{"loc":{"start":{"line":24,"column":6},"end":{"line":24,"column":30}},"type":"if","locations":[{"start":{"line":24,"column":6},"end":{"line":24,"column":30}},{"start":{},"end":{}}],"line":24},"4":{"loc":{"start":{"line":27,"column":6},"end":{"line":29,"column":7}},"type":"if","locations":[{"start":{"line":27,"column":6},"end":{"line":29,"column":7}},{"start":{},"end":{}}],"line":27},"5":{"loc":{"start":{"line":32,"column":37},"end":{"line":32,"column":52}},"type":"binary-expr","locations":[{"start":{"line":32,"column":37},"end":{"line":32,"column":46}},{"start":{"line":32,"column":50},"end":{"line":32,"column":52}}],"line":32},"6":{"loc":{"start":{"line":33,"column":13},"end":{"line":33,"column":54}},"type":"binary-expr","locations":[{"start":{"line":33,"column":13},"end":{"line":33,"column":21}},{"start":{"line":33,"column":25},"end":{"line":33,"column":54}}],"line":33},"7":{"loc":{"start":{"line":54,"column":28},"end":{"line":54,"column":54}},"type":"binary-expr","locations":[{"start":{"line":54,"column":28},"end":{"line":54,"column":49}},{"start":{"line":54,"column":53},"end":{"line":54,"column":54}}],"line":54},"8":{"loc":{"start":{"line":55,"column":17},"end":{"line":55,"column":88}},"type":"binary-expr","locations":[{"start":{"line":55,"column":17},"end":{"line":55,"column":34}},{"start":{"line":55,"column":38},"end":{"line":55,"column":88}}],"line":55},"9":{"loc":{"start":{"line":55,"column":63},"end":{"line":55,"column":86}},"type":"binary-expr","locations":[{"start":{"line":55,"column":63},"end":{"line":55,"column":80}},{"start":{"line":55,"column":84},"end":{"line":55,"column":86}}],"line":55},"10":{"loc":{"start":{"line":58,"column":25},"end":{"line":60,"column":10}},"type":"cond-expr","locations":[{"start":{"line":59,"column":8},"end":{"line":59,"column":41}},{"start":{"line":60,"column":8},"end":{"line":60,"column":10}}],"line":58},"11":{"loc":{"start":{"line":61,"column":20},"end":{"line":63,"column":10}},"type":"cond-expr","locations":[{"start":{"line":62,"column":8},"end":{"line":62,"column":36}},{"start":{"line":63,"column":8},"end":{"line":63,"column":10}}],"line":61},"12":{"loc":{"start":{"line":82,"column":11},"end":{"line":82,"column":39}},"type":"cond-expr","locations":[{"start":{"line":82,"column":18},"end":{"line":82,"column":34}},{"start":{"line":82,"column":37},"end":{"line":82,"column":39}}],"line":82}},"s":{"0":40,"1":1,"2":39,"3":39,"4":0,"5":39,"6":39,"7":27,"8":4,"9":23,"10":15,"11":8,"12":8,"13":2,"14":13,"15":13,"16":13,"17":13,"18":13,"19":13,"20":37,"21":37},"f":{"0":40,"1":27,"2":2,"3":13,"4":37},"b":{"0":[1,39],"1":[40,39],"2":[0,39],"3":[4,23],"4":[15,8],"5":[8,2],"6":[8,6],"7":[13,7],"8":[13,7],"9":[7,0],"10":[7,6],"11":[8,5],"12":[36,1]},"inputSourceMap":null,"_coverageSchema":"1a1c01bbd47fc00a2c39e90264f33305004495a9","hash":"f608c9375974abed574cbccf79781a821a70c182"}
,"/Users/flexipie/Desktop/Code/Projects/Gigi'sCopyTools/ChromeExtension/services/TagRuleEngine.js": {"path":"/Users/flexipie/Desktop/Code/Projects/Gigi'sCopyTools/ChromeExtension/services/TagRuleEngine.js","statementMap":{"0":{"start":{"line":18,"column":4},"end":{"line":37,"column":5}},"1":{"start":{"line":19,"column":20},"end":{"line":19,"column":59}},"2":{"start":{"line":20,"column":6},"end":{"line":20,"column":35}},"3":{"start":{"line":20,"column":25},"end":{"line":20,"column":35}},"4":{"start":{"line":22,"column":26},"end":{"line":22,"column":35}},"5":{"start":{"line":23,"column":22},"end":{"line":23,"column":40}},"6":{"start":{"line":24,"column":21},"end":{"line":24,"column":38}},"7":{"start":{"line":26,"column":6},"end":{"line":31,"column":7}},"8":{"start":{"line":27,"column":8},"end":{"line":27,"column":56}},"9":{"start":{"line":27,"column":47},"end":{"line":27,"column":56}},"10":{"start":{"line":29,"column":21},"end":{"line":29,"column":61}},"11":{"start":{"line":30,"column":8},"end":{"line":30,"column":50}},"12":{"start":{"line":30,"column":28},"end":{"line":30,"column":48}},"13":{"start":{"line":33,"column":6},"end":{"line":33,"column":37}},"14":{"start":{"line":35,"column":6},"end":{"line":35,"column":64}},"15":{"start":{"line":36,"column":6},"end":{"line":36,"column":16}},"16":{"start":{"line":48,"column":36},"end":{"line":48,"column":40}},"17":{"start":{"line":51,"column":21},"end":{"line":53,"column":10}},"18":{"start":{"line":52,"column":22},"end":{"line":52,"column":44}},"19":{"start":{"line":55,"column":4},"end":{"line":55,"column":41}},"20":{"start":{"line":55,"column":31},"end":{"line":55,"column":41}},"21":{"start":{"line":56,"column":4},"end":{"line":56,"column":28}},"22":{"start":{"line":56,"column":18},"end":{"line":56,"column":28}},"23":{"start":{"line":58,"column":23},"end":{"line":58,"column":38}},"24":{"start":{"line":61,"column":4},"end":{"line":70,"column":5}},"25":{"start":{"line":63,"column":8},"end":{"line":63,"column":67}},"26":{"start":{"line":66,"column":8},"end":{"line":66,"column":66}},"27":{"start":{"line":69,"column":8},"end":{"line":69,"column":18}},"28":{"start":{"line":81,"column":4},"end":{"line":83,"column":5}},"29":{"start":{"line":82,"column":6},"end":{"line":82,"column":18}},"30":{"start":{"line":84,"column":4},"end":{"line":84,"column":14}},"31":{"start":{"line":95,"column":4},"end":{"line":103,"column":5}},"32":{"start":{"line":96,"column":20},"end":{"line":96,"column":44}},"33":{"start":{"line":97,"column":6},"end":{"line":99,"column":7}},"34":{"start":{"line":98,"column":8},"end":{"line":98,"column":20}},"35":{"start":{"line":102,"column":6},"end":{"line":102,"column":61}},"36":{"start":{"line":104,"column":4},"end":{"line":104,"column":14}},"37":{"start":{"line":114,"column":4},"end":{"line":114,"column":53}},"38":{"start":{"line":114,"column":43},"end":{"line":114,"column":53}},"39":{"start":{"line":115,"column":4},"end":{"line":115,"column":73}},"40":{"start":{"line":125,"column":19},"end":{"line":125,"column":81}},"41":{"start":{"line":126,"column":19},"end":{"line":126,"column":81}},"42":{"start":{"line":128,"column":4},"end":{"line":128,"column":49}},"43":{"start":{"line":128,"column":37},"end":{"line":128,"column":49}},"44":{"start":{"line":130,"column":4},"end":{"line":132,"column":5}},"45":{"start":{"line":131,"column":6},"end":{"line":131,"column":40}},"46":{"start":{"line":131,"column":28},"end":{"line":131,"column":40}},"47":{"start":{"line":134,"column":4},"end":{"line":134,"column":17}}},"fnMap":{"0":{"name":"(anonymous_0)","decl":{"start":{"line":17,"column":2},"end":{"line":17,"column":3}},"loc":{"start":{"line":17,"column":44},"end":{"line":38,"column":3}},"line":17},"1":{"name":"(anonymous_1)","decl":{"start":{"line":30,"column":21},"end":{"line":30,"column":22}},"loc":{"start":{"line":30,"column":28},"end":{"line":30,"column":48}},"line":30},"2":{"name":"(anonymous_2)","decl":{"start":{"line":47,"column":2},"end":{"line":47,"column":3}},"loc":{"start":{"line":47,"column":39},"end":{"line":71,"column":3}},"line":47},"3":{"name":"(anonymous_3)","decl":{"start":{"line":52,"column":17},"end":{"line":52,"column":18}},"loc":{"start":{"line":52,"column":22},"end":{"line":52,"column":44}},"line":52},"4":{"name":"(anonymous_4)","decl":{"start":{"line":80,"column":2},"end":{"line":80,"column":3}},"loc":{"start":{"line":80,"column":49},"end":{"line":85,"column":3}},"line":80},"5":{"name":"(anonymous_5)","decl":{"start":{"line":94,"column":2},"end":{"line":94,"column":3}},"loc":{"start":{"line":94,"column":48},"end":{"line":105,"column":3}},"line":94},"6":{"name":"(anonymous_6)","decl":{"start":{"line":113,"column":2},"end":{"line":113,"column":3}},"loc":{"start":{"line":113,"column":46},"end":{"line":116,"column":3}},"line":113},"7":{"name":"(anonymous_7)","decl":{"start":{"line":124,"column":2},"end":{"line":124,"column":3}},"loc":{"start":{"line":124,"column":42},"end":{"line":135,"column":3}},"line":124}},"branchMap":{"0":{"loc":{"start":{"line":19,"column":20},"end":{"line":19,"column":59}},"type":"cond-expr","locations":[{"start":{"line":19,"column":46},"end":{"line":19,"column":54}},{"start":{"line":19,"column":57},"end":{"line":19,"column":59}}],"line":19},"1":{"loc":{"start":{"line":20,"column":6},"end":{"line":20,"column":35}},"type":"if","locations":[{"start":{"line":20,"column":6},"end":{"line":20,"column":35}},{"start":{},"end":{}}],"line":20},"2":{"loc":{"start":{"line":23,"column":29},"end":{"line":23,"column":39}},"type":"binary-expr","locations":[{"start":{"line":23,"column":29},"end":{"line":23,"column":33}},{"start":{"line":23,"column":37},"end":{"line":23,"column":39}}],"line":23},"3":{"loc":{"start":{"line":24,"column":28},"end":{"line":24,"column":37}},"type":"binary-expr","locations":[{"start":{"line":24,"column":28},"end":{"line":24,"column":31}},{"start":{"line":24,"column":35},"end":{"line":24,"column":37}}],"line":24},"4":{"loc":{"start":{"line":27,"column":8},"end":{"line":27,"column":56}},"type":"if","locations":[{"start":{"line":27,"column":8},"end":{"line":27,"column":56}},{"start":{},"end":{}}],"line":27},"5":{"loc":{"start":{"line":27,"column":12},"end":{"line":27,"column":45}},"type":"binary-expr","locations":[{"start":{"line":27,"column":12},"end":{"line":27,"column":17}},{"start":{"line":27,"column":21},"end":{"line":27,"column":45}}],"line":27},"6":{"loc":{"start":{"line":51,"column":21},"end":{"line":53,"column":10}},"type":"cond-expr","locations":[{"start":{"line":52,"column":8},"end":{"line":52,"column":61}},{"start":{"line":53,"column":8},"end":{"line":53,"column":10}}],"line":51},"7":{"loc":{"start":{"line":52,"column":29},"end":{"line":52,"column":36}},"type":"binary-expr","locations":[{"start":{"line":52,"column":29},"end":{"line":52,"column":30}},{"start":{"line":52,"column":34},"end":{"line":52,"column":36}}],"line":52},"8":{"loc":{"start":{"line":55,"column":4},"end":{"line":55,"column":41}},"type":"if","locations":[{"start":{"line":55,"column":4},"end":{"line":55,"column":41}},{"start":{},"end":{}}],"line":55},"9":{"loc":{"start":{"line":56,"column":4},"end":{"line":56,"column":28}},"type":"if","locations":[{"start":{"line":56,"column":4},"end":{"line":56,"column":28}},{"start":{},"end":{}}],"line":56},"10":{"loc":{"start":{"line":61,"column":4},"end":{"line":70,"column":5}},"type":"switch","locations":[{"start":{"line":62,"column":6},"end":{"line":63,"column":67}},{"start":{"line":65,"column":6},"end":{"line":66,"column":66}},{"start":{"line":68,"column":6},"end":{"line":69,"column":18}}],"line":61},"11":{"loc":{"start":{"line":81,"column":4},"end":{"line":83,"column":5}},"type":"if","locations":[{"start":{"line":81,"column":4},"end":{"line":83,"column":5}},{"start":{},"end":{}}],"line":81},"12":{"loc":{"start":{"line":97,"column":6},"end":{"line":99,"column":7}},"type":"if","locations":[{"start":{"line":97,"column":6},"end":{"line":99,"column":7}},{"start":{},"end":{}}],"line":97},"13":{"loc":{"start":{"line":114,"column":4},"end":{"line":114,"column":53}},"type":"if","locations":[{"start":{"line":114,"column":4},"end":{"line":114,"column":53}},{"start":{},"end":{}}],"line":114},"14":{"loc":{"start":{"line":114,"column":8},"end":{"line":114,"column":41}},"type":"binary-expr","locations":[{"start":{"line":114,"column":8},"end":{"line":114,"column":13}},{"start":{"line":114,"column":17},"end":{"line":114,"column":41}}],"line":114},"15":{"loc":{"start":{"line":115,"column":40},"end":{"line":115,"column":55}},"type":"binary-expr","locations":[{"start":{"line":115,"column":40},"end":{"line":115,"column":49}},{"start":{"line":115,"column":53},"end":{"line":115,"column":55}}],"line":115},"16":{"loc":{"start":{"line":115,"column":57},"end":{"line":115,"column":71}},"type":"binary-expr","locations":[{"start":{"line":115,"column":57},"end":{"line":115,"column":65}},{"start":{"line":115,"column":69},"end":{"line":115,"column":71}}],"line":115},"17":{"loc":{"start":{"line":125,"column":27},"end":{"line":125,"column":80}},"type":"cond-expr","locations":[{"start":{"line":125,"column":52},"end":{"line":125,"column":75}},{"start":{"line":125,"column":78},"end":{"line":125,"column":80}}],"line":125},"18":{"loc":{"start":{"line":126,"column":27},"end":{"line":126,"column":80}},"type":"cond-expr","locations":[{"start":{"line":126,"column":52},"end":{"line":126,"column":75}},{"start":{"line":126,"column":78},"end":{"line":126,"column":80}}],"line":126},"19":{"loc":{"start":{"line":128,"column":4},"end":{"line":128,"column":49}},"type":"if","locations":[{"start":{"line":128,"column":4},"end":{"line":128,"column":49}},{"start":{},"end":{}}],"line":128},"20":{"loc":{"start":{"line":131,"column":6},"end":{"line":131,"column":40}},"type":"if","locations":[{"start":{"line":131,"column":6},"end":{"line":131,"column":40}},{"start":{},"end":{}}],"line":131}},"s":{"0":50,"1":50,"2":50,"3":24,"4":26,"5":26,"6":26,"7":26,"8":42,"9":3,"10":39,"11":39,"12":35,"13":26,"14":0,"15":0,"16":43,"17":43,"18":50,"19":43,"20":1,"21":42,"22":1,"23":41,"24":41,"25":23,"26":17,"27":1,"28":26,"29":20,"30":6,"31":22,"32":22,"33":21,"34":18,"35":1,"36":4,"37":12,"38":1,"39":11,"40":15,"41":15,"42":15,"43":6,"44":9,"45":8,"46":1,"47":8},"f":{"0":50,"1":35,"2":43,"3":50,"4":26,"5":22,"6":12,"7":15},"b":{"0":[49,1],"1":[24,26],"2":[26,1],"3":[26,7],"4":[3,39],"5":[42,40],"6":[43,0],"7":[50,3],"8":[1,42],"9":[1,41],"10":[23,17,1],"11":[20,6],"12":[18,3],"13":[1,11],"14":[12,11],"15":[11,1],"16":[11,5],"17":[14,1],"18":[15,0],"19":[6,9],"20":[1,7]},"inputSourceMap":null,"_coverageSchema":"1a1c01bbd47fc00a2c39e90264f33305004495a9","hash":"8849bf100103305e3ac1a911ac83fd71f44b13a6"}
,"/Users/flexipie/Desktop/Code/Projects/Gigi'sCopyTools/ChromeExtension/utils/textUtils.js": {"path":"/Users/flexipie/Desktop/Code/Projects/Gigi'sCopyTools/ChromeExtension/utils/textUtils.js","statementMap":{"0":{"start":{"line":13,"column":2},"end":{"line":13,"column":64}},"1":{"start":{"line":23,"column":10},"end":{"line":23,"column":11}},"2":{"start":{"line":24,"column":2},"end":{"line":26,"column":3}},"3":{"start":{"line":24,"column":15},"end":{"line":24,"column":16}},"4":{"start":{"line":25,"column":4},"end":{"line":25,"column":47}},"5":{"start":{"line":27,"column":2},"end":{"line":27,"column":25}},"6":{"start":{"line":36,"column":2},"end":{"line":36,"column":67}}},"fnMap":{"0":{"name":"normalizeText","decl":{"start":{"line":12,"column":16},"end":{"line":12,"column":29}},"loc":{"start":{"line":12,"column":36},"end":{"line":14,"column":1}},"line":12},"1":{"name":"hashString","decl":{"start":{"line":22,"column":16},"end":{"line":22,"column":26}},"loc":{"start":{"line":22,"column":32},"end":{"line":28,"column":1}},"line":22},"2":{"name":"generateClipId","decl":{"start":{"line":35,"column":16},"end":{"line":35,"column":30}},"loc":{"start":{"line":35,"column":33},"end":{"line":37,"column":1}},"line":35}},"branchMap":{"0":{"loc":{"start":{"line":13,"column":10},"end":{"line":13,"column":20}},"type":"binary-expr","locations":[{"start":{"line":13,"column":10},"end":{"line":13,"column":14}},{"start":{"line":13,"column":18},"end":{"line":13,"column":20}}],"line":13}},"s":{"0":102,"1":96,"2":96,"3":96,"4":1130,"5":96,"6":32},"f":{"0":102,"1":96,"2":32},"b":{"0":[102,6]},"inputSourceMap":null,"_coverageSchema":"1a1c01bbd47fc00a2c39e90264f33305004495a9","hash":"317b7dd8595b0a132a18454a165f13130b5a4a2e"}
}
