TN:
SF:background.js
FN:14,(anonymous_0)
FN:32,(anonymous_1)
FN:41,(anonymous_2)
FN:45,(anonymous_3)
FN:51,normalizeText
FN:55,hashString
FN:64,saveClipWithDedup
FN:76,(anonymous_7)
FN:103,evaluateTagsWithRules
FN:114,(anonymous_9)
FN:119,(anonymous_10)
FN:125,(anonymous_11)
FN:138,evaluateTags
FN:148,recomputeAllTags
FN:152,(anonymous_14)
FN:159,(anonymous_15)
FN:171,(anonymous_16)
FN:179,drainDesktopQueue
FN:187,(anonymous_18)
FN:198,(anonymous_19)
FN:247,(anonymous_20)
FN:254,(anonymous_21)
FN:263,getActiveTab
FN:271,toggleOverlayInActiveTab
FN:284,openOrToggleUI
FN:289,(anonymous_25)
FN:293,handleSaveSelection
FN:306,(anonymous_27)
FN:314,(anonymous_28)
FN:326,(anonymous_29)
FN:327,(anonymous_30)
FN:363,injectFlash
FN:370,(anonymous_32)
FN:388,(anonymous_33)
FN:404,(anonymous_34)
FN:408,(anonymous_35)
FN:414,injectToast
FN:421,(anonymous_37)
FN:455,(anonymous_38)
FN:460,(anonymous_39)
FN:463,(anonymous_40)
FNF:41
FNH:0
FNDA:0,(anonymous_0)
FNDA:0,(anonymous_1)
FNDA:0,(anonymous_2)
FNDA:0,(anonymous_3)
FNDA:0,normalizeText
FNDA:0,hashString
FNDA:0,saveClipWithDedup
FNDA:0,(anonymous_7)
FNDA:0,evaluateTagsWithRules
FNDA:0,(anonymous_9)
FNDA:0,(anonymous_10)
FNDA:0,(anonymous_11)
FNDA:0,evaluateTags
FNDA:0,recomputeAllTags
FNDA:0,(anonymous_14)
FNDA:0,(anonymous_15)
FNDA:0,(anonymous_16)
FNDA:0,drainDesktopQueue
FNDA:0,(anonymous_18)
FNDA:0,(anonymous_19)
FNDA:0,(anonymous_20)
FNDA:0,(anonymous_21)
FNDA:0,getActiveTab
FNDA:0,toggleOverlayInActiveTab
FNDA:0,openOrToggleUI
FNDA:0,(anonymous_25)
FNDA:0,handleSaveSelection
FNDA:0,(anonymous_27)
FNDA:0,(anonymous_28)
FNDA:0,(anonymous_29)
FNDA:0,(anonymous_30)
FNDA:0,injectFlash
FNDA:0,(anonymous_32)
FNDA:0,(anonymous_33)
FNDA:0,(anonymous_34)
FNDA:0,(anonymous_35)
FNDA:0,injectToast
FNDA:0,(anonymous_37)
FNDA:0,(anonymous_38)
FNDA:0,(anonymous_39)
FNDA:0,(anonymous_40)
DA:11,0
DA:12,0
DA:14,0
DA:15,0
DA:16,0
DA:22,0
DA:24,0
DA:31,0
DA:32,0
DA:33,0
DA:35,0
DA:40,0
DA:41,0
DA:42,0
DA:43,0
DA:44,0
DA:45,0
DA:52,0
DA:57,0
DA:58,0
DA:59,0
DA:61,0
DA:65,0
DA:66,0
DA:67,0
DA:68,0
DA:69,0
DA:72,0
DA:74,0
DA:76,0
DA:77,0
DA:78,0
DA:79,0
DA:80,0
DA:83,0
DA:84,0
DA:85,0
DA:87,0
DA:88,0
DA:89,0
DA:91,0
DA:92,0
DA:93,0
DA:95,0
DA:96,0
DA:98,0
DA:99,0
DA:104,0
DA:105,0
DA:106,0
DA:107,0
DA:108,0
DA:109,0
DA:110,0
DA:111,0
DA:112,0
DA:113,0
DA:114,0
DA:115,0
DA:116,0
DA:117,0
DA:118,0
DA:119,0
DA:121,0
DA:122,0
DA:123,0
DA:124,0
DA:125,0
DA:131,0
DA:133,0
DA:134,0
DA:139,0
DA:140,0
DA:141,0
DA:143,0
DA:144,0
DA:149,0
DA:150,0
DA:151,0
DA:152,0
DA:153,0
DA:154,0
DA:155,0
DA:157,0
DA:158,0
DA:159,0
DA:160,0
DA:161,0
DA:163,0
DA:165,0
DA:170,0
DA:171,0
DA:172,0
DA:173,0
DA:174,0
DA:180,0
DA:181,0
DA:182,0
DA:183,0
DA:184,0
DA:185,0
DA:187,0
DA:189,0
DA:190,0
DA:191,0
DA:192,0
DA:194,0
DA:198,0
DA:199,0
DA:200,0
DA:201,0
DA:202,0
DA:203,0
DA:205,0
DA:206,0
DA:211,0
DA:212,0
DA:213,0
DA:215,0
DA:216,0
DA:217,0
DA:218,0
DA:219,0
DA:220,0
DA:228,0
DA:231,0
DA:232,0
DA:234,0
DA:239,0
DA:240,0
DA:242,0
DA:247,0
DA:248,0
DA:250,0
DA:254,0
DA:255,0
DA:256,0
DA:257,0
DA:258,0
DA:259,0
DA:264,0
DA:265,0
DA:272,0
DA:273,0
DA:274,0
DA:275,0
DA:285,0
DA:289,0
DA:290,0
DA:294,0
DA:296,0
DA:297,0
DA:298,0
DA:299,0
DA:303,0
DA:307,0
DA:308,0
DA:309,0
DA:310,0
DA:311,0
DA:312,0
DA:313,0
DA:314,0
DA:322,0
DA:326,0
DA:327,0
DA:328,0
DA:329,0
DA:330,0
DA:333,0
DA:334,0
DA:335,0
DA:337,0
DA:338,0
DA:342,0
DA:343,0
DA:353,0
DA:354,0
DA:356,0
DA:359,0
DA:364,0
DA:365,0
DA:366,0
DA:371,0
DA:372,0
DA:373,0
DA:374,0
DA:375,0
DA:376,0
DA:377,0
DA:378,0
DA:383,0
DA:384,0
DA:385,0
DA:386,0
DA:388,0
DA:389,0
DA:390,0
DA:391,0
DA:392,0
DA:393,0
DA:394,0
DA:395,0
DA:396,0
DA:397,0
DA:398,0
DA:399,0
DA:400,0
DA:403,0
DA:404,0
DA:405,0
DA:406,0
DA:408,0
DA:415,0
DA:416,0
DA:417,0
DA:422,0
DA:423,0
DA:424,0
DA:425,0
DA:426,0
DA:427,0
DA:428,0
DA:429,0
DA:430,0
DA:431,0
DA:432,0
DA:433,0
DA:434,0
DA:435,0
DA:436,0
DA:439,0
DA:440,0
DA:441,0
DA:442,0
DA:443,0
DA:444,0
DA:445,0
DA:446,0
DA:447,0
DA:448,0
DA:449,0
DA:450,0
DA:451,0
DA:452,0
DA:454,0
DA:455,0
DA:456,0
DA:457,0
DA:460,0
DA:461,0
DA:462,0
DA:463,0
LF:253
LH:0
BRDA:31,0,0,0
BRDA:31,0,1,0
BRDA:42,1,0,0
BRDA:42,1,1,0
BRDA:43,2,0,0
BRDA:43,2,1,0
BRDA:52,3,0,0
BRDA:52,3,1,0
BRDA:66,4,0,0
BRDA:66,5,0,0
BRDA:66,6,0,0
BRDA:66,7,0,0
BRDA:66,8,0,0
BRDA:66,8,1,0
BRDA:68,9,0,0
BRDA:68,9,1,0
BRDA:72,10,0,0
BRDA:72,10,1,0
BRDA:72,11,0,0
BRDA:72,11,1,0
BRDA:77,12,0,0
BRDA:77,12,1,0
BRDA:78,13,0,0
BRDA:78,13,1,0
BRDA:79,14,0,0
BRDA:79,14,1,0
BRDA:80,15,0,0
BRDA:80,15,1,0
BRDA:83,16,0,0
BRDA:83,16,1,0
BRDA:85,17,0,0
BRDA:85,17,1,0
BRDA:87,18,0,0
BRDA:87,18,1,0
BRDA:89,19,0,0
BRDA:89,19,1,0
BRDA:105,20,0,0
BRDA:105,20,1,0
BRDA:106,21,0,0
BRDA:106,21,1,0
BRDA:108,22,0,0
BRDA:108,22,1,0
BRDA:109,23,0,0
BRDA:109,23,1,0
BRDA:111,24,0,0
BRDA:111,24,1,0
BRDA:111,25,0,0
BRDA:111,25,1,0
BRDA:112,26,0,0
BRDA:112,26,1,0
BRDA:113,27,0,0
BRDA:113,27,1,0
BRDA:114,28,0,0
BRDA:114,28,1,0
BRDA:114,29,0,0
BRDA:114,29,1,0
BRDA:115,30,0,0
BRDA:115,30,1,0
BRDA:116,31,0,0
BRDA:116,31,1,0
BRDA:117,32,0,0
BRDA:117,32,1,0
BRDA:118,33,0,0
BRDA:118,33,1,0
BRDA:121,34,0,0
BRDA:121,34,1,0
BRDA:122,35,0,0
BRDA:122,35,1,0
BRDA:125,36,0,0
BRDA:125,36,1,0
BRDA:153,37,0,0
BRDA:153,37,1,0
BRDA:153,38,0,0
BRDA:153,38,1,0
BRDA:154,39,0,0
BRDA:154,39,1,0
BRDA:154,40,0,0
BRDA:154,40,1,0
BRDA:155,41,0,0
BRDA:155,41,1,0
BRDA:159,42,0,0
BRDA:159,42,1,0
BRDA:160,43,0,0
BRDA:160,43,1,0
BRDA:163,44,0,0
BRDA:163,44,1,0
BRDA:170,45,0,0
BRDA:170,45,1,0
BRDA:170,46,0,0
BRDA:170,46,1,0
BRDA:170,46,2,0
BRDA:172,47,0,0
BRDA:172,47,1,0
BRDA:172,48,0,0
BRDA:172,48,1,0
BRDA:190,49,0,0
BRDA:190,49,1,0
BRDA:190,50,0,0
BRDA:190,50,1,0
BRDA:190,50,2,0
BRDA:201,51,0,0
BRDA:201,51,1,0
BRDA:202,52,0,0
BRDA:202,52,1,0
BRDA:205,53,0,0
BRDA:205,53,1,0
BRDA:218,54,0,0
BRDA:218,54,1,0
BRDA:219,55,0,0
BRDA:219,55,1,0
BRDA:225,56,0,0
BRDA:225,56,1,0
BRDA:231,57,0,0
BRDA:231,57,1,0
BRDA:248,58,0,0
BRDA:248,58,1,0
BRDA:248,59,0,0
BRDA:248,59,1,0
BRDA:255,60,0,0
BRDA:255,60,1,0
BRDA:257,61,0,0
BRDA:257,61,1,0
BRDA:258,62,0,0
BRDA:258,62,1,0
BRDA:273,63,0,0
BRDA:273,63,1,0
BRDA:296,64,0,0
BRDA:296,64,1,0
BRDA:297,65,0,0
BRDA:297,65,1,0
BRDA:297,66,0,0
BRDA:297,66,1,0
BRDA:297,66,2,0
BRDA:297,66,3,0
BRDA:308,67,0,0
BRDA:308,67,1,0
BRDA:311,68,0,0
BRDA:311,68,1,0
BRDA:311,69,0,0
BRDA:311,69,1,0
BRDA:326,70,0,0
BRDA:326,70,1,0
BRDA:326,71,0,0
BRDA:326,71,1,0
BRDA:328,72,0,0
BRDA:328,72,1,0
BRDA:329,73,0,0
BRDA:329,73,1,0
BRDA:330,74,0,0
BRDA:330,74,1,0
BRDA:333,75,0,0
BRDA:333,75,1,0
BRDA:334,76,0,0
BRDA:334,76,1,0
BRDA:335,77,0,0
BRDA:335,77,1,0
BRDA:342,78,0,0
BRDA:345,79,0,0
BRDA:345,79,1,0
BRDA:346,80,0,0
BRDA:346,80,1,0
BRDA:348,81,0,0
BRDA:348,81,1,0
BRDA:353,82,0,0
BRDA:353,82,1,0
BRDA:353,83,0,0
BRDA:353,83,1,0
BRDA:365,84,0,0
BRDA:365,84,1,0
BRDA:380,85,0,0
BRDA:380,85,1,0
BRDA:416,86,0,0
BRDA:416,86,1,0
BRDA:425,87,0,0
BRDA:425,87,1,0
BRDA:440,88,0,0
BRDA:440,88,1,0
BRDA:464,89,0,0
BRDA:464,89,1,0
BRF:179
BRH:0
end_of_record
TN:
SF:constants.js
FNF:0
FNH:0
DA:7,2
DA:22,2
DA:34,2
DA:43,2
DA:49,2
DA:57,2
DA:64,2
LF:7
LH:7
BRF:0
BRH:0
end_of_record
TN:
SF:storage.js
FN:19,storageGet
FN:20,(anonymous_1)
FN:22,(anonymous_2)
FN:37,storageSet
FN:38,(anonymous_4)
FN:40,(anonymous_5)
FN:57,ensureArray
FN:65,getClips
FN:74,setClips
FN:82,updateClips
FN:93,getFolders
FN:101,setFolders
FN:108,updateFolders
FN:119,getActiveFolderId
FN:127,setActiveFolderId
FN:134,getTagRules
FN:142,setTagRules
FN:149,getOverlayTheme
FN:157,setOverlayTheme
FN:164,getOverlayReduceMotion
FN:172,setOverlayReduceMotion
FN:179,getOverlayPosition
FN:190,setOverlayPosition
FN:202,clearOverlayPosition
FN:209,getOverlaySettings
FN:221,getClipsAndFolders
FN:236,setClipsAndFolders
FN:247,getAll
FN:254,getCopyFormat
FN:262,setCopyFormat
FN:269,getOverlaySize
FN:280,setOverlaySize
FNF:32
FNH:27
FNDA:60,storageGet
FNDA:60,(anonymous_1)
FNDA:60,(anonymous_2)
FNDA:29,storageSet
FNDA:29,(anonymous_4)
FNDA:29,(anonymous_5)
FNDA:74,ensureArray
FNDA:27,getClips
FNDA:20,setClips
FNDA:3,updateClips
FNDA:2,getFolders
FNDA:1,setFolders
FNDA:0,updateFolders
FNDA:2,getActiveFolderId
FNDA:1,setActiveFolderId
FNDA:21,getTagRules
FNDA:1,setTagRules
FNDA:2,getOverlayTheme
FNDA:1,setOverlayTheme
FNDA:2,getOverlayReduceMotion
FNDA:1,setOverlayReduceMotion
FNDA:2,getOverlayPosition
FNDA:1,setOverlayPosition
FNDA:0,clearOverlayPosition
FNDA:2,getOverlaySettings
FNDA:0,getClipsAndFolders
FNDA:1,setClipsAndFolders
FNDA:0,getAll
FNDA:2,getCopyFormat
FNDA:1,setCopyFormat
FNDA:0,getOverlaySize
FNDA:1,setOverlaySize
DA:5,2
DA:6,2
DA:7,2
DA:8,2
DA:9,2
DA:10,2
DA:11,2
DA:12,2
DA:20,60
DA:21,60
DA:22,60
DA:23,60
DA:24,60
DA:25,60
DA:28,0
DA:38,29
DA:39,29
DA:40,29
DA:41,29
DA:42,29
DA:43,29
DA:46,0
DA:58,74
DA:66,27
DA:67,27
DA:75,20
DA:83,3
DA:84,3
DA:85,3
DA:86,2
DA:87,2
DA:94,2
DA:95,2
DA:102,1
DA:109,0
DA:110,0
DA:111,0
DA:112,0
DA:113,0
DA:120,2
DA:121,2
DA:128,1
DA:135,21
DA:136,21
DA:143,1
DA:150,2
DA:151,2
DA:158,1
DA:165,2
DA:166,2
DA:173,1
DA:180,2
DA:181,2
DA:182,1
DA:183,1
DA:184,0
DA:191,1
DA:192,0
DA:193,0
DA:195,1
DA:196,1
DA:203,0
DA:210,2
DA:215,2
DA:222,0
DA:226,0
DA:237,1
DA:238,1
DA:239,1
DA:240,1
DA:241,1
DA:248,0
DA:255,2
DA:256,2
DA:263,1
DA:270,0
DA:271,0
DA:272,0
DA:273,0
DA:274,0
DA:281,1
DA:282,0
DA:283,0
DA:285,1
DA:286,1
DA:287,1
DA:288,1
DA:289,1
LF:88
LH:67
BRDA:24,0,0,0
BRDA:24,0,1,60
BRDA:25,1,0,60
BRDA:25,1,1,0
BRDA:42,2,0,0
BRDA:42,2,1,29
BRDA:57,3,0,0
BRDA:58,4,0,72
BRDA:58,4,1,2
BRDA:66,5,0,0
BRDA:85,6,0,1
BRDA:85,6,1,2
BRDA:94,7,0,0
BRDA:111,8,0,0
BRDA:111,8,1,0
BRDA:120,9,0,0
BRDA:121,10,0,2
BRDA:121,10,1,1
BRDA:128,11,0,1
BRDA:128,11,1,0
BRDA:135,12,0,0
BRDA:150,13,0,0
BRDA:151,14,0,2
BRDA:151,14,1,0
BRDA:158,15,0,1
BRDA:158,15,1,0
BRDA:165,16,0,0
BRDA:180,17,0,0
BRDA:181,18,0,1
BRDA:181,18,1,1
BRDA:181,19,0,2
BRDA:181,19,1,1
BRDA:183,20,0,1
BRDA:183,20,1,0
BRDA:183,21,0,1
BRDA:183,21,1,1
BRDA:191,22,0,0
BRDA:191,22,1,1
BRDA:191,23,0,1
BRDA:191,23,1,1
BRDA:196,24,0,1
BRDA:196,24,1,0
BRDA:196,25,0,1
BRDA:196,25,1,0
BRDA:229,26,0,0
BRDA:229,26,1,0
BRDA:238,27,0,1
BRDA:238,27,1,0
BRDA:239,28,0,1
BRDA:239,28,1,0
BRDA:240,29,0,0
BRDA:240,29,1,1
BRDA:240,30,0,0
BRDA:240,30,1,0
BRDA:241,31,0,1
BRDA:241,31,1,0
BRDA:255,32,0,0
BRDA:256,33,0,2
BRDA:256,33,1,0
BRDA:263,34,0,1
BRDA:263,34,1,0
BRDA:270,35,0,0
BRDA:271,36,0,0
BRDA:271,36,1,0
BRDA:271,37,0,0
BRDA:271,37,1,0
BRDA:273,38,0,0
BRDA:273,38,1,0
BRDA:273,39,0,0
BRDA:273,39,1,0
BRDA:281,40,0,0
BRDA:281,40,1,1
BRDA:281,41,0,1
BRDA:281,41,1,1
BRDA:287,42,0,1
BRDA:287,42,1,0
BRDA:288,43,0,1
BRDA:288,43,1,0
BRF:78
BRH:35
end_of_record
TN:
SF:services/ClipService.js
FN:25,(anonymous_0)
FN:90,(anonymous_1)
FN:99,(anonymous_2)
FN:128,(anonymous_3)
FNF:4
FNH:4
FNDA:16,(anonymous_0)
FNDA:6,(anonymous_1)
FNDA:8,(anonymous_2)
FNDA:10,(anonymous_3)
DA:26,16
DA:34,16
DA:37,16
DA:38,3
DA:42,13
DA:43,13
DA:46,13
DA:47,13
DA:50,13
DA:53,13
DA:55,13
DA:57,2
DA:58,2
DA:61,11
DA:74,11
DA:78,13
DA:79,13
DA:81,0
DA:82,0
DA:91,6
DA:92,6
DA:97,6
DA:99,6
DA:100,8
DA:102,6
DA:104,6
DA:105,3
DA:106,3
DA:109,3
DA:112,6
DA:113,3
DA:116,6
DA:118,0
DA:119,0
DA:129,10
DA:130,4
DA:133,6
DA:134,4
DA:137,2
DA:138,1
DA:141,1
LF:41
LH:37
BRDA:29,0,0,15
BRDA:30,1,0,13
BRDA:31,2,0,15
BRDA:32,3,0,15
BRDA:33,4,0,15
BRDA:34,5,0,16
BRDA:34,5,1,0
BRDA:37,6,0,3
BRDA:37,6,1,13
BRDA:37,7,0,16
BRDA:37,7,1,14
BRDA:43,8,0,0
BRDA:43,8,1,13
BRDA:55,9,0,2
BRDA:55,9,1,11
BRDA:100,10,0,2
BRDA:100,10,1,6
BRDA:100,11,0,8
BRDA:100,11,1,6
BRDA:104,12,0,3
BRDA:104,12,1,3
BRDA:112,13,0,3
BRDA:112,13,1,3
BRDA:129,14,0,4
BRDA:129,14,1,6
BRDA:129,15,0,10
BRDA:129,15,1,8
BRDA:133,16,0,4
BRDA:133,16,1,2
BRDA:133,17,0,6
BRDA:133,17,1,3
BRDA:137,18,0,1
BRDA:137,18,1,1
BRF:33
BRH:31
end_of_record
TN:
SF:services/DedupService.js
FN:15,(anonymous_0)
FN:23,(anonymous_1)
FN:43,(anonymous_2)
FN:53,(anonymous_3)
FN:80,(anonymous_4)
FNF:5
FNH:5
FNDA:21,(anonymous_0)
FNDA:12,(anonymous_1)
FNDA:2,(anonymous_2)
FNDA:10,(anonymous_3)
FNDA:18,(anonymous_4)
DA:16,21
DA:18,20
DA:19,20
DA:21,20
DA:23,20
DA:24,12
DA:27,10
DA:28,5
DA:32,5
DA:33,5
DA:44,2
DA:54,10
DA:55,10
DA:58,10
DA:61,10
DA:64,10
DA:66,10
DA:81,18
DA:82,18
LF:19
LH:19
BRDA:16,0,0,1
BRDA:16,0,1,20
BRDA:16,1,0,21
BRDA:16,1,1,20
BRDA:19,2,0,0
BRDA:19,2,1,20
BRDA:24,3,0,2
BRDA:24,3,1,10
BRDA:27,4,0,5
BRDA:27,4,1,5
BRDA:32,5,0,5
BRDA:32,5,1,0
BRDA:33,6,0,5
BRDA:33,6,1,5
BRDA:54,7,0,10
BRDA:54,7,1,7
BRDA:55,8,0,10
BRDA:55,8,1,7
BRDA:55,9,0,7
BRDA:55,9,1,0
BRDA:58,10,0,4
BRDA:58,10,1,6
BRDA:61,11,0,5
BRDA:61,11,1,5
BRDA:82,12,0,17
BRDA:82,12,1,1
BRF:26
BRH:23
end_of_record
TN:
SF:services/TagRuleEngine.js
FN:17,(anonymous_0)
FN:30,(anonymous_1)
FN:47,(anonymous_2)
FN:52,(anonymous_3)
FN:80,(anonymous_4)
FN:94,(anonymous_5)
FN:113,(anonymous_6)
FN:124,(anonymous_7)
FNF:8
FNH:8
FNDA:28,(anonymous_0)
FNDA:17,(anonymous_1)
FNDA:24,(anonymous_2)
FNDA:28,(anonymous_3)
FNDA:16,(anonymous_4)
FNDA:13,(anonymous_5)
FNDA:9,(anonymous_6)
FNDA:12,(anonymous_7)
DA:18,28
DA:19,28
DA:20,28
DA:22,15
DA:23,15
DA:24,15
DA:26,15
DA:27,23
DA:29,20
DA:30,20
DA:33,15
DA:35,0
DA:36,0
DA:48,24
DA:51,24
DA:52,28
DA:55,24
DA:56,23
DA:58,22
DA:61,22
DA:63,13
DA:66,8
DA:69,1
DA:81,16
DA:82,13
DA:84,3
DA:95,13
DA:96,13
DA:97,12
DA:98,9
DA:102,1
DA:104,4
DA:114,9
DA:115,8
DA:125,12
DA:126,12
DA:128,12
DA:130,8
DA:131,7
DA:134,7
LF:40
LH:38
BRDA:19,0,0,27
BRDA:19,0,1,1
BRDA:20,1,0,13
BRDA:20,1,1,15
BRDA:23,2,0,15
BRDA:23,2,1,1
BRDA:24,3,0,15
BRDA:24,3,1,6
BRDA:27,4,0,3
BRDA:27,4,1,20
BRDA:27,5,0,23
BRDA:27,5,1,21
BRDA:51,6,0,24
BRDA:51,6,1,0
BRDA:52,7,0,28
BRDA:52,7,1,3
BRDA:55,8,0,1
BRDA:55,8,1,23
BRDA:56,9,0,1
BRDA:56,9,1,22
BRDA:61,10,0,13
BRDA:61,10,1,8
BRDA:61,10,2,1
BRDA:81,11,0,13
BRDA:81,11,1,3
BRDA:97,12,0,9
BRDA:97,12,1,3
BRDA:114,13,0,1
BRDA:114,13,1,8
BRDA:114,14,0,9
BRDA:114,14,1,8
BRDA:115,15,0,8
BRDA:115,15,1,1
BRDA:115,16,0,8
BRDA:115,16,1,4
BRDA:125,17,0,11
BRDA:125,17,1,1
BRDA:126,18,0,12
BRDA:126,18,1,0
BRDA:128,19,0,4
BRDA:128,19,1,8
BRDA:131,20,0,1
BRDA:131,20,1,6
BRF:43
BRH:41
end_of_record
TN:
SF:utils/textUtils.js
FN:12,normalizeText
FN:22,hashString
FN:35,generateClipId
FNF:3
FNH:3
FNDA:61,normalizeText
FNDA:57,hashString
FNDA:16,generateClipId
DA:13,61
DA:23,57
DA:24,57
DA:25,498
DA:27,57
DA:36,16
LF:6
LH:6
BRDA:13,0,0,61
BRDA:13,0,1,4
BRF:2
BRH:2
end_of_record
