TN:
SF:constants.js
FNF:0
FNH:0
DA:7,3
DA:22,3
DA:34,3
DA:43,3
DA:49,3
DA:57,3
DA:64,3
LF:7
LH:7
BRF:0
BRH:0
end_of_record
TN:
SF:storage.js
FN:19,storageGet
FN:20,(anonymous_1)
FN:22,(anonymous_2)
FN:37,storageSet
FN:38,(anonymous_4)
FN:40,(anonymous_5)
FN:57,ensureArray
FN:65,getClips
FN:74,setClips
FN:82,updateClips
FN:93,getFolders
FN:101,setFolders
FN:108,updateFolders
FN:119,getActiveFolderId
FN:127,setActiveFolderId
FN:134,getTagRules
FN:142,setTagRules
FN:149,getOverlayTheme
FN:157,setOverlayTheme
FN:164,getOverlayReduceMotion
FN:172,setOverlayReduceMotion
FN:179,getOverlayPosition
FN:190,setOverlayPosition
FN:202,clearOverlayPosition
FN:209,getOverlaySettings
FN:221,getClipsAndFolders
FN:236,setClipsAndFolders
FN:247,getAll
FN:254,getCopyFormat
FN:262,setCopyFormat
FN:269,getOverlaySize
FN:280,setOverlaySize
FNF:32
FNH:32
FNDA:145,storageGet
FNDA:145,(anonymous_1)
FNDA:145,(anonymous_2)
FNDA:69,storageSet
FNDA:69,(anonymous_4)
FNDA:69,(anonymous_5)
FNDA:168,ensureArray
FNDA:64,getClips
FNDA:41,setClips
FNDA:3,updateClips
FNDA:5,getFolders
FNDA:2,setFolders
FNDA:3,updateFolders
FNDA:2,getActiveFolderId
FNDA:2,setActiveFolderId
FNDA:42,getTagRules
FNDA:8,setTagRules
FNDA:2,getOverlayTheme
FNDA:1,setOverlayTheme
FNDA:2,getOverlayReduceMotion
FNDA:1,setOverlayReduceMotion
FNDA:11,getOverlayPosition
FNDA:6,setOverlayPosition
FNDA:1,clearOverlayPosition
FNDA:2,getOverlaySettings
FNDA:2,getClipsAndFolders
FNDA:1,setClipsAndFolders
FNDA:3,getAll
FNDA:2,getCopyFormat
FNDA:1,setCopyFormat
FNDA:8,getOverlaySize
FNDA:5,setOverlaySize
DA:5,4
DA:6,4
DA:7,4
DA:8,4
DA:9,4
DA:10,4
DA:11,4
DA:12,4
DA:20,145
DA:21,145
DA:22,145
DA:23,145
DA:24,145
DA:25,145
DA:28,0
DA:38,69
DA:39,69
DA:40,69
DA:41,69
DA:42,69
DA:43,69
DA:46,0
DA:58,168
DA:66,64
DA:67,64
DA:75,41
DA:83,3
DA:84,3
DA:85,3
DA:86,2
DA:87,2
DA:94,5
DA:95,5
DA:102,2
DA:109,3
DA:110,3
DA:111,3
DA:112,1
DA:113,1
DA:120,2
DA:121,2
DA:128,2
DA:135,42
DA:136,42
DA:143,8
DA:150,2
DA:151,2
DA:158,1
DA:165,2
DA:166,2
DA:173,1
DA:180,11
DA:181,11
DA:182,6
DA:183,6
DA:184,2
DA:191,6
DA:192,2
DA:193,2
DA:195,4
DA:196,4
DA:203,1
DA:210,2
DA:215,2
DA:222,2
DA:226,2
DA:237,1
DA:238,1
DA:239,1
DA:240,1
DA:241,1
DA:248,3
DA:255,2
DA:256,2
DA:263,1
DA:270,8
DA:271,8
DA:272,5
DA:273,5
DA:274,4
DA:281,5
DA:282,2
DA:283,2
DA:285,3
DA:286,3
DA:287,3
DA:288,3
DA:289,3
LF:88
LH:86
BRDA:24,0,0,0
BRDA:24,0,1,145
BRDA:25,1,0,145
BRDA:25,1,1,0
BRDA:42,2,0,0
BRDA:42,2,1,69
BRDA:57,3,0,0
BRDA:58,4,0,166
BRDA:58,4,1,2
BRDA:66,5,0,0
BRDA:85,6,0,1
BRDA:85,6,1,2
BRDA:94,7,0,0
BRDA:111,8,0,2
BRDA:111,8,1,1
BRDA:120,9,0,0
BRDA:121,10,0,2
BRDA:121,10,1,1
BRDA:128,11,0,2
BRDA:128,11,1,1
BRDA:135,12,0,0
BRDA:150,13,0,0
BRDA:151,14,0,2
BRDA:151,14,1,0
BRDA:158,15,0,1
BRDA:158,15,1,0
BRDA:165,16,0,0
BRDA:180,17,0,0
BRDA:181,18,0,5
BRDA:181,18,1,6
BRDA:181,19,0,11
BRDA:181,19,1,7
BRDA:183,20,0,4
BRDA:183,20,1,2
BRDA:183,21,0,6
BRDA:183,21,1,5
BRDA:191,22,0,2
BRDA:191,22,1,4
BRDA:191,23,0,6
BRDA:191,23,1,5
BRDA:196,24,0,3
BRDA:196,24,1,1
BRDA:196,25,0,3
BRDA:196,25,1,1
BRDA:229,26,0,2
BRDA:229,26,1,1
BRDA:238,27,0,1
BRDA:238,27,1,0
BRDA:239,28,0,1
BRDA:239,28,1,0
BRDA:240,29,0,0
BRDA:240,29,1,1
BRDA:240,30,0,0
BRDA:240,30,1,0
BRDA:241,31,0,1
BRDA:241,31,1,0
BRDA:255,32,0,0
BRDA:256,33,0,2
BRDA:256,33,1,0
BRDA:263,34,0,1
BRDA:263,34,1,0
BRDA:270,35,0,0
BRDA:271,36,0,3
BRDA:271,36,1,5
BRDA:271,37,0,8
BRDA:271,37,1,6
BRDA:273,38,0,1
BRDA:273,38,1,4
BRDA:273,39,0,5
BRDA:273,39,1,3
BRDA:281,40,0,2
BRDA:281,40,1,3
BRDA:281,41,0,5
BRDA:281,41,1,4
BRDA:287,42,0,2
BRDA:287,42,1,1
BRDA:288,43,0,2
BRDA:288,43,1,1
BRF:78
BRH:55
end_of_record
TN:
SF:services/ClipService.js
FN:25,(anonymous_0)
FN:90,(anonymous_1)
FN:99,(anonymous_2)
FN:128,(anonymous_3)
FNF:4
FNH:4
FNDA:38,(anonymous_0)
FNDA:8,(anonymous_1)
FNDA:11,(anonymous_2)
FNDA:10,(anonymous_3)
DA:26,38
DA:34,38
DA:37,38
DA:38,6
DA:42,32
DA:43,32
DA:46,32
DA:47,32
DA:50,32
DA:53,32
DA:55,32
DA:57,5
DA:58,5
DA:61,27
DA:74,27
DA:78,32
DA:79,32
DA:81,0
DA:82,0
DA:91,8
DA:92,8
DA:97,8
DA:99,8
DA:100,11
DA:102,9
DA:104,9
DA:105,5
DA:106,5
DA:109,4
DA:112,8
DA:113,5
DA:116,8
DA:118,0
DA:119,0
DA:129,10
DA:130,4
DA:133,6
DA:134,4
DA:137,2
DA:138,1
DA:141,1
LF:41
LH:37
BRDA:29,0,0,35
BRDA:30,1,0,27
BRDA:31,2,0,37
BRDA:32,3,0,33
BRDA:33,4,0,35
BRDA:34,5,0,38
BRDA:34,5,1,1
BRDA:37,6,0,6
BRDA:37,6,1,32
BRDA:37,7,0,38
BRDA:37,7,1,34
BRDA:43,8,0,0
BRDA:43,8,1,32
BRDA:55,9,0,5
BRDA:55,9,1,27
BRDA:100,10,0,2
BRDA:100,10,1,9
BRDA:100,11,0,11
BRDA:100,11,1,9
BRDA:104,12,0,5
BRDA:104,12,1,4
BRDA:112,13,0,5
BRDA:112,13,1,3
BRDA:129,14,0,4
BRDA:129,14,1,6
BRDA:129,15,0,10
BRDA:129,15,1,8
BRDA:133,16,0,4
BRDA:133,16,1,2
BRDA:133,17,0,6
BRDA:133,17,1,3
BRDA:137,18,0,1
BRDA:137,18,1,1
BRF:33
BRH:32
end_of_record
TN:
SF:services/DedupService.js
FN:15,(anonymous_0)
FN:23,(anonymous_1)
FN:43,(anonymous_2)
FN:53,(anonymous_3)
FN:80,(anonymous_4)
FNF:5
FNH:5
FNDA:40,(anonymous_0)
FNDA:27,(anonymous_1)
FNDA:2,(anonymous_2)
FNDA:13,(anonymous_3)
FNDA:37,(anonymous_4)
DA:16,40
DA:18,39
DA:19,39
DA:21,39
DA:23,39
DA:24,27
DA:27,23
DA:28,15
DA:32,8
DA:33,8
DA:44,2
DA:54,13
DA:55,13
DA:58,13
DA:61,13
DA:64,13
DA:66,13
DA:81,37
DA:82,37
LF:19
LH:19
BRDA:16,0,0,1
BRDA:16,0,1,39
BRDA:16,1,0,40
BRDA:16,1,1,39
BRDA:19,2,0,0
BRDA:19,2,1,39
BRDA:24,3,0,4
BRDA:24,3,1,23
BRDA:27,4,0,15
BRDA:27,4,1,8
BRDA:32,5,0,8
BRDA:32,5,1,2
BRDA:33,6,0,8
BRDA:33,6,1,6
BRDA:54,7,0,13
BRDA:54,7,1,7
BRDA:55,8,0,13
BRDA:55,8,1,7
BRDA:55,9,0,7
BRDA:55,9,1,0
BRDA:58,10,0,7
BRDA:58,10,1,6
BRDA:61,11,0,8
BRDA:61,11,1,5
BRDA:82,12,0,36
BRDA:82,12,1,1
BRF:26
BRH:24
end_of_record
TN:
SF:services/TagRuleEngine.js
FN:17,(anonymous_0)
FN:30,(anonymous_1)
FN:47,(anonymous_2)
FN:52,(anonymous_3)
FN:80,(anonymous_4)
FN:94,(anonymous_5)
FN:113,(anonymous_6)
FN:124,(anonymous_7)
FNF:8
FNH:8
FNDA:50,(anonymous_0)
FNDA:35,(anonymous_1)
FNDA:43,(anonymous_2)
FNDA:50,(anonymous_3)
FNDA:26,(anonymous_4)
FNDA:22,(anonymous_5)
FNDA:12,(anonymous_6)
FNDA:15,(anonymous_7)
DA:18,50
DA:19,50
DA:20,50
DA:22,26
DA:23,26
DA:24,26
DA:26,26
DA:27,42
DA:29,39
DA:30,39
DA:33,26
DA:35,0
DA:36,0
DA:48,43
DA:51,43
DA:52,50
DA:55,43
DA:56,42
DA:58,41
DA:61,41
DA:63,23
DA:66,17
DA:69,1
DA:81,26
DA:82,20
DA:84,6
DA:95,22
DA:96,22
DA:97,21
DA:98,18
DA:102,1
DA:104,4
DA:114,12
DA:115,11
DA:125,15
DA:126,15
DA:128,15
DA:130,9
DA:131,8
DA:134,8
LF:40
LH:38
BRDA:19,0,0,49
BRDA:19,0,1,1
BRDA:20,1,0,24
BRDA:20,1,1,26
BRDA:23,2,0,26
BRDA:23,2,1,1
BRDA:24,3,0,26
BRDA:24,3,1,7
BRDA:27,4,0,3
BRDA:27,4,1,39
BRDA:27,5,0,42
BRDA:27,5,1,40
BRDA:51,6,0,43
BRDA:51,6,1,0
BRDA:52,7,0,50
BRDA:52,7,1,3
BRDA:55,8,0,1
BRDA:55,8,1,42
BRDA:56,9,0,1
BRDA:56,9,1,41
BRDA:61,10,0,23
BRDA:61,10,1,17
BRDA:61,10,2,1
BRDA:81,11,0,20
BRDA:81,11,1,6
BRDA:97,12,0,18
BRDA:97,12,1,3
BRDA:114,13,0,1
BRDA:114,13,1,11
BRDA:114,14,0,12
BRDA:114,14,1,11
BRDA:115,15,0,11
BRDA:115,15,1,1
BRDA:115,16,0,11
BRDA:115,16,1,5
BRDA:125,17,0,14
BRDA:125,17,1,1
BRDA:126,18,0,15
BRDA:126,18,1,0
BRDA:128,19,0,6
BRDA:128,19,1,9
BRDA:131,20,0,1
BRDA:131,20,1,7
BRF:43
BRH:41
end_of_record
TN:
SF:utils/textUtils.js
FN:12,normalizeText
FN:22,hashString
FN:35,generateClipId
FNF:3
FNH:3
FNDA:102,normalizeText
FNDA:96,hashString
FNDA:32,generateClipId
DA:13,102
DA:23,96
DA:24,96
DA:25,1130
DA:27,96
DA:36,32
LF:6
LH:6
BRDA:13,0,0,102
BRDA:13,0,1,6
BRF:2
BRH:2
end_of_record
